[21:44:55] [ServerMain/INFO]: [bootstrap] Running Java 21 (OpenJDK 64-Bit Server VM 21.0.5+11-Ubuntu-1ubuntu124.04; Ubuntu null) on Linux 6.8.12-4-pve (amd64)
[21:44:55] [ServerMain/INFO]: [bootstrap] Loading Paper 1.21.4-136-main@e0711af (2025-01-31T12:30:12Z) for Minecraft 1.21.4
[21:44:55] [ServerMain/INFO]: [PluginInitializerManager] Initializing plugins...
[21:44:56] [ServerMain/INFO]: [PluginInitializerManager] Initialized 28 plugins
[21:44:56] [ServerMain/INFO]: [PluginInitializerManager] Paper plugins (2):
 - AdvancedServerList (5.5.1), EconomyShopGUI (6.10.2)
[21:44:56] [ServerMain/INFO]: [PluginInitializerManager] Bukkit plugins (26):
 - Autorank (5.2.2), BetterRTP (3.6.8), Chunky (1.4.28), DiscordSRV (1.29.0), Dynmap-Essentials (0.91-SNAPSHOT), Dynmap-GriefPrevention (0.88), Essentials (2.21.0-dev+162-ea3ea20), EssentialsChat (2.21.0-dev+162-ea3ea20), FlyTime (1.2), GriefPrevention (16.18.4), Hibernate (2.1.0), LevelTools (1.4.0.2), LevelledMobs (4.2.0.2 b98), LuckPerms (5.4.120), LumberJack (5.4.0), Multiverse-Core (4.3.14), PlayerShopGUIPlus (1.33.1), Playtimes (1.6.2b), Sleeper (1.5.1), TAB (5.0.3), Vault (1.7.3-b131), VeinMiner (2.2.4), concrete_powder_modifier (${version}), dynmap (3.7-SNAPSHOT-968), mcMMO (2.2.030), playit-gg (0.1.4)
[21:45:00] [ServerMain/INFO]: Environment: Environment[sessionHost=https://sessionserver.mojang.com, servicesHost=https://api.minecraftservices.com, name=PROD]
[21:45:03] [ServerMain/INFO]: Loaded 1377 recipes
[21:45:03] [ServerMain/INFO]: Loaded 1553 advancements
[21:45:03] [ServerMain/INFO]: [MCTypeRegistry] Initialising converters for DataConverter...
[21:45:03] [ServerMain/INFO]: [MCTypeRegistry] Finished initialising converters for DataConverter in 283.1ms
[21:45:03] [Server thread/INFO]: Starting minecraft server version 1.21.4
[21:45:03] [Server thread/INFO]: Loading properties
[21:45:03] [Server thread/INFO]: This server is running Paper version 1.21.4-136-main@e0711af (2025-01-31T12:30:12Z) (Implementing API version 1.21.4-R0.1-SNAPSHOT)
[21:45:03] [Server thread/INFO]: [spark] This server bundles the spark profiler. For more information please visit https://docs.papermc.io/paper/profiling
[21:45:03] [Server thread/INFO]: Server Ping Player Sample Count: 12
[21:45:03] [Server thread/INFO]: Using 4 threads for Netty based IO
[21:45:04] [Server thread/INFO]: [MoonriseCommon] Paper is using 1 worker threads, 1 I/O threads
[21:45:04] [Server thread/INFO]: [ChunkTaskScheduler] Chunk system is using population gen parallelism: true
[21:45:04] [Server thread/INFO]: Default game type: SURVIVAL
[21:45:04] [Server thread/INFO]: Generating keypair
[21:45:04] [Server thread/INFO]: Starting Minecraft server on *:25565
[21:45:04] [Server thread/INFO]: Using epoll channel type
[21:45:04] [Server thread/INFO]: Paper: Using libdeflate (Linux x86_64) compression from Velocity.
[21:45:04] [Server thread/INFO]: Paper: Using OpenSSL 3.x.x (Linux x86_64) cipher from Velocity.
[21:45:05] [Server thread/WARN]: [org.bukkit.craftbukkit.legacy.CraftLegacy] Initializing Legacy Material Support. Unless you have legacy plugins and/or data this is a bug!
[21:45:12] [Server thread/WARN]: Legacy plugin Playtimes v1.6.2b does not specify an api-version.
[21:45:12] [Server thread/WARN]: Legacy plugin Dynmap-Essentials v0.91-SNAPSHOT does not specify an api-version.
[21:45:12] [Server thread/WARN]: Legacy plugin FlyTime v1.2 does not specify an api-version.
[21:45:13] [Server thread/INFO]: [LuckPerms] Loading server plugin LuckPerms v5.4.120
[21:45:13] [Server thread/INFO]: [Vault] Loading server plugin Vault v1.7.3-b131
[21:45:13] [Server thread/INFO]: [Multiverse-Core] Loading server plugin Multiverse-Core v4.3.14
[21:45:13] [Server thread/INFO]: [Essentials] Loading server plugin Essentials v2.21.0-dev+162-ea3ea20
[21:45:13] [Server thread/INFO]: [mcMMO] Loading server plugin mcMMO v2.2.030
[21:45:13] [Server thread/INFO]: [dynmap] Loading server plugin dynmap v3.7-SNAPSHOT-968
[21:45:13] [Server thread/INFO]: [dynmap] version=1.21.4-136-e0711af (MC: 1.21.4)
[21:45:13] [Server thread/INFO]: [dynmap] Mod Support API available
[21:45:13] [Server thread/INFO]: [GriefPrevention] Loading server plugin GriefPrevention v16.18.4
[21:45:13] [Server thread/INFO]: [EssentialsChat] Loading server plugin EssentialsChat v2.21.0-dev+162-ea3ea20
[21:45:13] [Server thread/INFO]: [VeinMiner] Loading server plugin VeinMiner v2.2.4
[21:45:13] [Server thread/INFO]: [AdvancedServerList] Loading server plugin AdvancedServerList v5.5.1
[21:45:13] [Server thread/INFO]: [Dynmap-GriefPrevention] Loading server plugin Dynmap-GriefPrevention v0.88
[21:45:13] [Server thread/INFO]: [Autorank] Loading server plugin Autorank v5.2.2
[21:45:13] [Server thread/INFO]: [Playtimes] Loading server plugin Playtimes v1.6.2b
[21:45:13] [Server thread/INFO]: [playit-gg] Loading server plugin playit-gg v0.1.4
[21:45:13] [Server thread/INFO]: [Dynmap-Essentials] Loading server plugin Dynmap-Essentials v0.91-SNAPSHOT
[21:45:13] [Server thread/INFO]: [Chunky] Loading server plugin Chunky v1.4.28
[21:45:13] [Server thread/INFO]: [LumberJack] Loading server plugin LumberJack v5.4.0
[21:45:13] [Server thread/INFO]: [EconomyShopGUI] Loading server plugin EconomyShopGUI v6.10.2
[21:45:13] [Server thread/INFO]: [PlayerShopGUIPlus] Loading server plugin PlayerShopGUIPlus v1.33.1
[21:45:13] [Server thread/INFO]: [DiscordSRV] Loading server plugin DiscordSRV v1.29.0
[21:45:13] [Server thread/INFO]: [FlyTime] Loading server plugin FlyTime v1.2
[21:45:13] [Server thread/INFO]: [LevelledMobs] Loading server plugin LevelledMobs v4.2.0.2 b98
[21:45:13] [Server thread/INFO]: [LevelledMobs] Loading commands
[21:45:13] [Server thread/INFO]: [TAB] Loading server plugin TAB v5.0.3
[21:45:13] [Server thread/INFO]: [concrete_powder_modifier] Loading server plugin concrete_powder_modifier v${version}
[21:45:13] [Server thread/INFO]: [LevelTools] Loading server plugin LevelTools v1.4.0.2
[21:45:13] [Server thread/INFO]: [Sleeper] Loading server plugin Sleeper v1.5.1
[21:45:13] [Server thread/INFO]: [Hibernate] Loading server plugin Hibernate v2.1.0
[21:45:13] [Server thread/INFO]: [BetterRTP] Loading server plugin BetterRTP v3.6.8
[21:45:13] [Server thread/INFO]: Server permissions file permissions.yml is empty, ignoring it
[21:45:13] [Server thread/INFO]: [LuckPerms] Enabling LuckPerms v5.4.120
[21:45:14] [Server thread/INFO]:         __    
[21:45:14] [Server thread/INFO]:   |    |__)   LuckPerms v5.4.120
[21:45:14] [Server thread/INFO]:   |___ |      Running on Bukkit - Paper
[21:45:14] [Server thread/INFO]: 
[21:45:14] [Server thread/INFO]: [LuckPerms] Loading configuration...
[21:45:14] [Server thread/INFO]: [LuckPerms] Loading storage provider... [H2]
[21:45:15] [Server thread/INFO]: [LuckPerms] Loading internal permission managers...
[21:45:15] [Server thread/INFO]: [LuckPerms] Performing initial data load...
[21:45:15] [Server thread/INFO]: [LuckPerms] Successfully enabled. (took 2025ms)
[21:45:15] [Server thread/INFO]: [Vault] Enabling Vault v1.7.3-b131
[21:45:15] [Server thread/INFO]: [Vault] [Economy] Essentials Economy found: Waiting
[21:45:15] [Server thread/INFO]: [Vault] [Permission] SuperPermissions loaded as backup permission system.
[21:45:15] [Server thread/INFO]: [Vault] Enabled Version 1.7.3-b131
[21:45:15] [Server thread/INFO]: [LuckPerms] Registered Vault permission & chat hook.
[21:45:15] [Server thread/INFO]: Preparing level "world"
[21:45:16] [Server thread/INFO]: Preparing start region for dimension minecraft:overworld
[21:45:16] [Server thread/INFO]: Preparing spawn area: 0%
[21:45:17] [Server thread/INFO]: Preparing spawn area: 0%
[21:45:17] [Server thread/INFO]: Time elapsed: 705 ms
[21:45:17] [Server thread/INFO]: Preparing start region for dimension minecraft:the_nether
[21:45:17] [Server thread/INFO]: Preparing spawn area: 0%
[21:45:17] [Server thread/INFO]: Time elapsed: 262 ms
[21:45:17] [Server thread/INFO]: Preparing start region for dimension minecraft:the_end
[21:45:17] [Server thread/INFO]: Preparing spawn area: 0%
[21:45:17] [Server thread/INFO]: Time elapsed: 48 ms
[21:45:17] [Server thread/INFO]: [Multiverse-Core] Enabling Multiverse-Core v4.3.14
[21:45:17] [Server thread/WARN]: [Multiverse-Core] "Multiverse-Core v4.3.14" has registered a listener for org.bukkit.event.entity.EntityCreatePortalEvent on method "public void com.onarandombox.MultiverseCore.listeners.MVPortalListener.entityPortalCreate(org.bukkit.event.entity.EntityCreatePortalEvent)", but the event is Deprecated. "Server performance will be affected"; please notify the authors [dumptruckman, Rigby, fernferret, lithium3141, main--].
[21:45:17] [Server thread/INFO]: [Multiverse-Core] §aWe are aware of the warning about the deprecated event. There is no alternative that allows us to do what we need to do and performance impact is negligible. It is safe to ignore.
[21:45:17] [Server thread/INFO]: Preparing start region for dimension minecraft:world_pve
[21:45:17] [Server thread/INFO]: Preparing spawn area: 0%
[21:45:17] [Server thread/INFO]: Time elapsed: 123 ms
[21:45:17] [Server thread/INFO]: Preparing start region for dimension minecraft:quests
[21:45:17] [Server thread/INFO]: Preparing spawn area: 0%
[21:45:17] [Server thread/INFO]: Time elapsed: 81 ms
[21:45:18] [Server thread/INFO]: Preparing start region for dimension minecraft:world_mining
[21:45:18] [Server thread/INFO]: Preparing spawn area: 0%
[21:45:18] [Server thread/INFO]: Time elapsed: 135 ms
[21:45:18] [Server thread/INFO]: [Multiverse-Core] 6 - World(s) loaded.
[21:45:18] [Server thread/WARN]: [Multiverse-Core] Buscript failed to load! The script command will be disabled! If you would like not to see this message, use `/mv conf enablebuscript false` to disable Buscript from loading.
[21:45:18] [Server thread/INFO]: [Multiverse-Core] Version 4.3.14 (API v24) Enabled - By dumptruckman, Rigby, fernferret, lithium3141 and main--
[21:45:18] [Server thread/INFO]: [Essentials] Enabling Essentials v2.21.0-dev+162-ea3ea20
[21:45:18] [Server thread/INFO]: [Essentials] Attempting to convert old kits in config.yml to new kits.yml
[21:45:18] [Server thread/INFO]: [Essentials] No kits found to migrate.
[21:45:18] [Server thread/INFO]: [Essentials] Selected 1.11+ Item Unbreakable Provider as the provider for ItemUnbreakableProvider
[21:45:18] [Server thread/INFO]: [Essentials] Selected 1.8.3+ Spawner Item Provider as the provider for SpawnerItemProvider
[21:45:18] [Server thread/INFO]: [Essentials] Selected Paper Serialization Provider as the provider for SerializationProvider
[21:45:18] [Server thread/INFO]: [Essentials] Selected 1.13+ Spawn Egg Provider as the provider for SpawnEggProvider
[21:45:18] [Server thread/INFO]: [Essentials] Selected 1.14+ Sign Data Provider as the provider for SignDataProvider
[21:45:18] [Server thread/INFO]: [Essentials] Selected 1.12.2+ Player Locale Provider as the provider for PlayerLocaleProvider
[21:45:18] [Server thread/INFO]: [Essentials] Selected 1.20.6+ Potion Meta Provider as the provider for PotionMetaProvider
[21:45:18] [Server thread/INFO]: [Essentials] Selected Paper Container Provider as the provider for ContainerProvider
[21:45:18] [Server thread/INFO]: [Essentials] Selected 1.14.4+ Persistent Data Container Provider as the provider for PersistentDataProvider
[21:45:18] [Server thread/INFO]: [Essentials] Selected Paper Material Tag Provider as the provider for MaterialTagProvider
[21:45:18] [Server thread/INFO]: [Essentials] Selected Paper Tick Count Provider as the provider for TickCountProvider
[21:45:18] [Server thread/INFO]: [Essentials] Selected Reflection Sync Commands Provider as the provider for SyncCommandsProvider
[21:45:18] [Server thread/INFO]: [Essentials] Selected Paper Server State Provider as the provider for ServerStateProvider
[21:45:18] [Server thread/INFO]: [Essentials] Selected Reflection Formatted Command Alias Provider as the provider for FormattedCommandAliasProvider
[21:45:18] [Server thread/INFO]: [Essentials] Selected Paper Known Commands Provider as the provider for KnownCommandsProvider
[21:45:18] [Server thread/INFO]: [Essentials] Selected Paper Biome Key Provider as the provider for BiomeKeyProvider
[21:45:18] [Server thread/INFO]: [Essentials] Selected 1.21+ InventoryView Interface ABI Provider as the provider for InventoryViewProvider
[21:45:18] [Server thread/INFO]: [Essentials] Selected 1.20.5+ Banner Data Provider as the provider for BannerDataProvider
[21:45:18] [Server thread/INFO]: [Essentials] Selected Reflection Spawner Block Provider as the provider for SpawnerBlockProvider
[21:45:18] [Server thread/INFO]: [Essentials] Selected 1.20.4+ Damage Event Provider as the provider for DamageEventProvider
[21:45:18] [Server thread/INFO]: [Essentials] Selected Reflection Online Mode Provider as the provider for OnlineModeProvider
[21:45:18] [Server thread/INFO]: [Essentials] Selected 1.17.1+ World Info Provider as the provider for WorldInfoProvider
[21:45:18] [Server thread/WARN]: [Essentials] File plugins/Essentials/items.json has been modified by user and file version differs, please update the file manually.
[21:45:18] [Server thread/INFO]: [Essentials] Loaded 39094 items from items.json.
[21:45:19] [Server thread/INFO]: [Essentials] Using locale en
[21:45:19] [Server thread/INFO]: [Essentials] ServerListPingEvent: Spigot iterator API
[21:45:19] [Server thread/INFO]: [Essentials] Starting Metrics. Opt-out using the global bStats config.
[21:45:19] [Server thread/INFO]: [Vault] [Economy] Essentials Economy hooked.
[21:45:19] [Server thread/INFO]: [Essentials] Using Vault based permissions (LuckPerms)
[21:45:19] [Server thread/INFO]: [mcMMO] Enabling mcMMO v2.2.030
[21:45:20] [Server thread/INFO]: [mcMMO] Loaded 229 Alchemy potions, skipped 0.
[21:45:20] [Server thread/INFO]: [dynmap] Enabling dynmap v3.7-SNAPSHOT-968
[21:45:20] [Server thread/INFO]: [dynmap] Added 127 custom biome mappings
[21:45:20] [Server thread/INFO]: [dynmap] Using LuckPerms 5.4.120 for access control
[21:45:21] [Server thread/INFO]: [dynmap] Mod Support processing completed
[21:45:22] [Server thread/INFO]: [dynmap] Loaded 27 shaders.
[21:45:22] [Server thread/INFO]: [dynmap] Loaded 83 perspectives.
[21:45:22] [Server thread/INFO]: [dynmap] Loaded 22 lightings.
[21:45:22] [Server thread/INFO]: [dynmap] Starting enter/exit processing
[21:45:22] [Dynmap Render Thread/INFO]: [dynmap] Finish marker initialization
[21:45:23] [Server thread/INFO]: [dynmap] Web server started on address 0.0.0.0:8123
[21:45:23] [Server thread/INFO]: [dynmap] version 3.7-SNAPSHOT-968 is enabled - core version 3.7-SNAPSHOT-985
[21:45:23] [Server thread/INFO]: [dynmap] For support, visit our Discord at https://discord.gg/s3rd5qn
[21:45:23] [Server thread/INFO]: [dynmap] For news, visit https://reddit.com/r/Dynmap or follow https://universeodon.com/@dynmap
[21:45:23] [Server thread/INFO]: [dynmap] To report or track bugs, visit https://github.com/webbukkit/dynmap/issues
[21:45:23] [Server thread/INFO]: [dynmap] If you'd like to donate, please visit https://www.patreon.com/dynmap or https://ko-fi.com/michaelprimm
[21:45:23] [Server thread/INFO]: [dynmap] Loaded 3 maps of world 'world'.
[21:45:23] [Server thread/INFO]: [dynmap] Loaded 341654 pending tile renders for world 'world'
[21:45:23] [Server thread/INFO]: [dynmap] Loaded 1 maps of world 'world_nether'.
[21:45:23] [Server thread/INFO]: [dynmap] Loaded 1 maps of world 'world_the_end'.
[21:45:23] [Server thread/INFO]: [dynmap] Loaded 1 maps of world 'world_pve'.
[21:45:23] [Server thread/INFO]: [dynmap] Loaded 1 maps of world 'Quests'.
[21:45:23] [Server thread/INFO]: [dynmap] Loaded 1 maps of world 'world_mining'.
[21:45:23] [Server thread/INFO]: [dynmap] Enabled
[21:45:23] [Server thread/INFO]: [GriefPrevention] Enabling GriefPrevention v16.18.4
[21:45:23] [Server thread/INFO]: [GriefPrevention] Finished loading configuration.
[21:45:23] [Server thread/INFO]: [GriefPrevention] 15 total claims loaded.
[21:45:23] [Server thread/INFO]: [GriefPrevention] Customizable messages loaded.
[21:45:23] [Server thread/INFO]: [GriefPrevention] Finished loading data (File Mode).
[21:45:23] [Server thread/INFO]: [GriefPrevention] Boot finished.
[21:45:23] [Server thread/INFO]: [EssentialsChat] Enabling EssentialsChat v2.21.0-dev+162-ea3ea20
[21:45:23] [Server thread/INFO]: [EssentialsChat] Starting Metrics. Opt-out using the global bStats config.
[21:45:23] [Server thread/INFO]: [VeinMiner] Enabling VeinMiner v2.2.4
[21:45:23] [Server thread/INFO]: [VeinMiner] Loading configuration options to local memory
[21:45:23] [Server thread/INFO]: [VeinMiner] Added 13 aliases.
[21:45:23] [Server thread/INFO]: [VeinMiner] Registered category with id "Axe" holding 6 unique items and 26 unique blocks.
[21:45:23] [Server thread/INFO]: [VeinMiner] Registered category with id "Hoe" holding 6 unique items and 10 unique blocks.
[21:45:23] [Server thread/INFO]: [VeinMiner] Registered category with id "Pickaxe" holding 6 unique items and 24 unique blocks.
[21:45:23] [Server thread/INFO]: [VeinMiner] Registered category with id "Shears" holding 1 unique items and 27 unique blocks.
[21:45:23] [Server thread/INFO]: [VeinMiner] Registered category with id "Shovel" holding 6 unique items and 10 unique blocks.
[21:45:23] [Server thread/WARN]: [VeinMiner] No block list configured for category with id "Hand"! Is this intentional?
[21:45:23] [Server thread/INFO]: [VeinMiner] Registered category with id "Hand" holding 0 unique items and 0 unique blocks.
[21:45:23] [Server thread/INFO]: [VeinMiner] Performing an update check!
[21:45:23] [Server thread/INFO]: [VeinMiner] Registering commands
[21:45:23] [Server thread/INFO]: [VeinMiner] Registering events
[21:45:23] [Server thread/INFO]: [VeinMiner] Vault found. Attempting to enable economy support...
[21:45:23] [Server thread/INFO]: [VeinMiner] Enabling Plugin Metrics
[21:45:23] [Server thread/INFO]: [VeinMiner] Thanks for enabling Metrics! The anonymous stats are appreciated
[21:45:23] [Server thread/INFO]: [AdvancedServerList] Enabling AdvancedServerList v5.5.1
[21:45:23] [ForkJoinPool.commonPool-worker-1/INFO]: [VeinMiner] Using SQLITE for persistent storage.
[21:45:23] [ForkJoinPool.commonPool-worker-1/INFO]: [VeinMiner] You are on the latest version of VeinMiner.
[21:45:23] [Server thread/INFO]: [AdvancedServerList] Registering internal Placeholders...
[21:45:23] [Server thread/INFO]: [AdvancedServerList] Starting AdvancedServerList v5.5.1...
[21:45:23] [Server thread/INFO]: [AdvancedServerList]      __      _______ ___
[21:45:23] [Server thread/INFO]: [AdvancedServerList]     /\ \    / ____|_| | |
[21:45:23] [Server thread/INFO]: [AdvancedServerList]    /  \ \  | (_(___ | | |
[21:45:23] [Server thread/INFO]: [AdvancedServerList]   / /\ \ \  \___ \ \| | |
[21:45:23] [Server thread/INFO]: [AdvancedServerList]  / ____ \ \ ____) | | |_|____
[21:45:23] [Server thread/INFO]: [AdvancedServerList] /_/_/  \_\_\_____/_/|______|_|
[21:45:23] [Server thread/INFO]: [AdvancedServerList] 
[21:45:23] [Server thread/INFO]: [AdvancedServerList] Platform: Paper (ID: papermc:paper, Version: 1.21.4, Build: 136)
[21:45:23] [Server thread/INFO]: [AdvancedServerList] 
[21:45:23] [Server thread/INFO]: [AdvancedServerList] [-] Loading profiles...
[21:45:23] [Server thread/INFO]: [AdvancedServerList] [✓] Successfully loaded 1 profile(s)!
[21:45:23] [Server thread/INFO]: [AdvancedServerList] [-] Loading local image files as Favicons...
[21:45:23] [Server thread/INFO]: [AdvancedServerList] [✓] Loaded 0 local Favicons.
[21:45:24] [Server thread/INFO]: [AdvancedServerList] [✓] Loaded Command /advancedserverlist!
[21:45:24] [Server thread/INFO]: [AdvancedServerList] [✓] Loaded 1 players into cache!
[21:45:24] [Server thread/INFO]: [AdvancedServerList] [✓] AdvancedServerList is ready!
[21:45:24] [AdvancedServerList-UpdateThread/INFO]: [AdvancedServerList] [-] Looking for an update...
[21:45:24] [Server thread/INFO]: [Dynmap-GriefPrevention] Enabling Dynmap-GriefPrevention v0.88
[21:45:24] [Server thread/INFO]: [Dynmap-GriefPrevention] Activated successfully.
[21:45:24] [Server thread/INFO]: [Dynmap-GriefPrevention] Enabled successfully.
[21:45:24] [Server thread/INFO]: [Autorank] Enabling Autorank v5.2.2
[21:45:24] [Server thread/INFO]: [Autorank] mainclass getHumanPluginName = Autorank v5.2.2
[21:45:24] [Server thread/INFO]: [Autorank] mainclass getInternalPluginName = Autorank v5.2.2
[21:45:24] [Server thread/INFO]: [Autorank] mainclass isPluginAvailable = true
[21:45:24] [Server thread/INFO]: [Autorank] Generated new log file: log-2025-02-20.txt
[21:45:24] [Server thread/INFO]: [Autorank] The settings.yml is up-to-date
[21:45:24] [Server thread/INFO]: [Autorank] Generating new PluginLibrary instance
[21:45:24] [Server thread/INFO]: [PluginLibrary] ***== Loading libraries ==***
[21:45:24] [Server thread/INFO]: [PluginLibrary] ***== Loaded 5 libraries! ==***
[21:45:24] [Server thread/INFO]: [PluginLibrary] Loaded libraries: Autorank (by Staartvin), EssentialsX (by drtshock), GriefPrevention (by RoboMWM), mcMMO (by t00thpick1) and Vault (by Kainzo)
[21:45:24] [Server thread/INFO]: [PluginLibrary] *** Ready for plugins to send/retrieve data. ***
[21:45:24] [Server thread/INFO]: [Autorank] Interval check every 5 minutes.
[21:45:24] [Server thread/INFO]: [Autorank] Registered requirement service for adding custom requirements!
[21:45:24] [Server thread/INFO]: [Autorank] Registered result service for adding custom results!
[21:45:24] [Server thread/INFO]: [Autorank] Autorank 5.2.2 has been enabled!
[21:45:24] [Server thread/INFO]: [Playtimes] Enabling Playtimes v1.6.2b*
[21:45:24] [Server thread/ERROR]: Cannot load plugins/Playtimes/data.yml
org.bukkit.configuration.InvalidConfigurationException: while scanning a simple key
 in 'reader', line 19, column 1:
    188
    ^
could not find expected ':'
 in 'reader', line 20, column 1:
    
    ^

	at org.bukkit.configuration.file.YamlConfiguration.loadFromString(YamlConfiguration.java:112) ~[paper-api-1.21.4-R0.1-SNAPSHOT.jar:?]
	at org.bukkit.configuration.file.FileConfiguration.load(FileConfiguration.java:160) ~[paper-api-1.21.4-R0.1-SNAPSHOT.jar:?]
	at org.bukkit.configuration.file.FileConfiguration.load(FileConfiguration.java:128) ~[paper-api-1.21.4-R0.1-SNAPSHOT.jar:?]
	at org.bukkit.configuration.file.YamlConfiguration.loadConfiguration(YamlConfiguration.java:310) ~[paper-api-1.21.4-R0.1-SNAPSHOT.jar:?]
	at PlayTimes-1.6.2b.jar/me.codedred.playtimes.data.CustomConfig.reloadConfig(CustomConfig.java:32) ~[PlayTimes-1.6.2b.jar:?]
	at PlayTimes-1.6.2b.jar/me.codedred.playtimes.data.CustomConfig.getConfig(CustomConfig.java:157) ~[PlayTimes-1.6.2b.jar:?]
	at PlayTimes-1.6.2b.jar/me.codedred.playtimes.data.DataManager.getData(DataManager.java:35) ~[PlayTimes-1.6.2b.jar:?]
	at PlayTimes-1.6.2b.jar/me.codedred.playtimes.server.ServerManager.cleanLeaderboard(ServerManager.java:83) ~[PlayTimes-1.6.2b.jar:?]
	at PlayTimes-1.6.2b.jar/me.codedred.playtimes.server.ServerManager.register(ServerManager.java:30) ~[PlayTimes-1.6.2b.jar:?]
	at PlayTimes-1.6.2b.jar/me.codedred.playtimes.PlayTimes.onEnable(PlayTimes.java:34) ~[PlayTimes-1.6.2b.jar:?]
	at org.bukkit.plugin.java.JavaPlugin.setEnabled(JavaPlugin.java:284) ~[paper-api-1.21.4-R0.1-SNAPSHOT.jar:?]
	at io.papermc.paper.plugin.manager.PaperPluginInstanceManager.enablePlugin(PaperPluginInstanceManager.java:202) ~[paper-1.21.4.jar:1.21.4-136-e0711af]
	at io.papermc.paper.plugin.manager.PaperPluginManagerImpl.enablePlugin(PaperPluginManagerImpl.java:109) ~[paper-1.21.4.jar:1.21.4-136-e0711af]
	at org.bukkit.plugin.SimplePluginManager.enablePlugin(SimplePluginManager.java:520) ~[paper-api-1.21.4-R0.1-SNAPSHOT.jar:?]
	at org.bukkit.craftbukkit.CraftServer.enablePlugin(CraftServer.java:656) ~[paper-1.21.4.jar:1.21.4-136-e0711af]
	at org.bukkit.craftbukkit.CraftServer.enablePlugins(CraftServer.java:605) ~[paper-1.21.4.jar:1.21.4-136-e0711af]
	at net.minecraft.server.MinecraftServer.loadWorld0(MinecraftServer.java:743) ~[paper-1.21.4.jar:1.21.4-136-e0711af]
	at net.minecraft.server.MinecraftServer.loadLevel(MinecraftServer.java:488) ~[paper-1.21.4.jar:1.21.4-136-e0711af]
	at net.minecraft.server.dedicated.DedicatedServer.initServer(DedicatedServer.java:322) ~[paper-1.21.4.jar:1.21.4-136-e0711af]
	at net.minecraft.server.MinecraftServer.runServer(MinecraftServer.java:1163) ~[paper-1.21.4.jar:1.21.4-136-e0711af]
	at net.minecraft.server.MinecraftServer.lambda$spin$2(MinecraftServer.java:310) ~[paper-1.21.4.jar:1.21.4-136-e0711af]
	at java.base/java.lang.Thread.run(Thread.java:1583) ~[?:?]
Caused by: org.yaml.snakeyaml.scanner.ScannerException: while scanning a simple key
 in 'reader', line 19, column 1:
    188
    ^
could not find expected ':'
 in 'reader', line 20, column 1:
    
    ^

	at org.yaml.snakeyaml.scanner.ScannerImpl.stalePossibleSimpleKeys(ScannerImpl.java:502) ~[snakeyaml-2.2.jar:?]
	at org.yaml.snakeyaml.scanner.ScannerImpl.needMoreTokens(ScannerImpl.java:307) ~[snakeyaml-2.2.jar:?]
	at org.yaml.snakeyaml.scanner.ScannerImpl.checkToken(ScannerImpl.java:237) ~[snakeyaml-2.2.jar:?]
	at org.yaml.snakeyaml.parser.ParserImpl$ParseBlockMappingKey.produce(ParserImpl.java:637) ~[snakeyaml-2.2.jar:?]
	at org.yaml.snakeyaml.parser.ParserImpl.peekEvent(ParserImpl.java:161) ~[snakeyaml-2.2.jar:?]
	at org.yaml.snakeyaml.comments.CommentEventsCollector$1.peek(CommentEventsCollector.java:57) ~[snakeyaml-2.2.jar:?]
	at org.yaml.snakeyaml.comments.CommentEventsCollector$1.peek(CommentEventsCollector.java:43) ~[snakeyaml-2.2.jar:?]
	at org.yaml.snakeyaml.comments.CommentEventsCollector.collectEvents(CommentEventsCollector.java:136) ~[snakeyaml-2.2.jar:?]
	at org.yaml.snakeyaml.comments.CommentEventsCollector.collectEvents(CommentEventsCollector.java:116) ~[snakeyaml-2.2.jar:?]
	at org.yaml.snakeyaml.composer.Composer.composeScalarNode(Composer.java:241) ~[snakeyaml-2.2.jar:?]
	at org.yaml.snakeyaml.composer.Composer.composeNode(Composer.java:205) ~[snakeyaml-2.2.jar:?]
	at org.yaml.snakeyaml.composer.Composer.composeValueNode(Composer.java:369) ~[snakeyaml-2.2.jar:?]
	at org.yaml.snakeyaml.composer.Composer.composeMappingChildren(Composer.java:348) ~[snakeyaml-2.2.jar:?]
	at org.yaml.snakeyaml.composer.Composer.composeMappingNode(Composer.java:323) ~[snakeyaml-2.2.jar:?]
	at org.yaml.snakeyaml.composer.Composer.composeNode(Composer.java:209) ~[snakeyaml-2.2.jar:?]
	at org.yaml.snakeyaml.composer.Composer.composeValueNode(Composer.java:369) ~[snakeyaml-2.2.jar:?]
	at org.yaml.snakeyaml.composer.Composer.composeMappingChildren(Composer.java:348) ~[snakeyaml-2.2.jar:?]
	at org.yaml.snakeyaml.composer.Composer.composeMappingNode(Composer.java:323) ~[snakeyaml-2.2.jar:?]
	at org.yaml.snakeyaml.composer.Composer.composeNode(Composer.java:209) ~[snakeyaml-2.2.jar:?]
	at org.yaml.snakeyaml.composer.Composer.getNode(Composer.java:131) ~[snakeyaml-2.2.jar:?]
	at org.yaml.snakeyaml.composer.Composer.getSingleNode(Composer.java:157) ~[snakeyaml-2.2.jar:?]
	at org.yaml.snakeyaml.Yaml.compose(Yaml.java:575) ~[snakeyaml-2.2.jar:?]
	at org.bukkit.configuration.file.YamlConfiguration.loadFromString(YamlConfiguration.java:105) ~[paper-api-1.21.4-R0.1-SNAPSHOT.jar:?]
	... 21 more
[21:45:24] [Server thread/INFO]: [Playtimes] Successfully loaded.
[21:45:24] [Server thread/INFO]: [playit-gg] Enabling playit-gg v0.1.4
[21:45:24] [Thread-23/INFO]: [gg.playit.minecraft.PlayitKeysSetup] secret key found, checking
[21:45:24] [Thread-23/INFO]: [gg.playit.minecraft.PlayitKeysSetup] check secret
[21:45:24] [Server thread/INFO]: [Dynmap-Essentials] Enabling Dynmap-Essentials v0.91-SNAPSHOT*
[21:45:24] [Server thread/INFO]: [Dynmap-Essentials] initializing
[21:45:24] [Server thread/INFO]: [Dynmap-Essentials] version 0.91-SNAPSHOT is activated
[21:45:24] [Server thread/INFO]: [Chunky] Enabling Chunky v1.4.28
[21:45:24] [Server thread/INFO]: [LumberJack] Enabling LumberJack v5.4.0
[21:45:24] [ForkJoinPool.commonPool-worker-2/INFO]: [AdvancedServerList] [✓] You are running the latest version!
[21:45:24] [Server thread/INFO]: [EconomyShopGUI] Enabling EconomyShopGUI v6.10.2
[21:45:25] [Server thread/INFO]: [EconomyShopGUI] [INFO]: Using lang-en.yml as language file.
[21:45:25] [Server thread/INFO]: [EconomyShopGUI] [INFO]: Completed loading 16 section configs from /sections/
[21:45:25] [Server thread/INFO]: [EconomyShopGUI] [INFO]: Completed loading 16 shop configs from /shops/
[21:45:25] [Server thread/INFO]: [EconomyShopGUI] [INFO]: Updating Shop settings...
[21:45:25] [Server thread/INFO]: [EconomyShopGUI] [INFO]: Successfully hooked into Vault and using EssentialsX Economy as economy provider
[21:45:25] [Server thread/INFO]: [EconomyShopGUI] [INFO]: Completed loading 1 economy provider(s) for all 14 shop sections.
[21:45:25] [Server thread/INFO]: [EconomyShopGUI] [INFO]: Using minecraft version 1.21.4...
[21:45:25] [Server thread/INFO]: [EconomyShopGUI] [INFO]: Spawner provider set to AUTO in config
[21:45:25] [Server thread/INFO]: [EconomyShopGUI] [INFO]: Automatically searching for compatible spawner provider....
[21:45:25] [Server thread/INFO]: [EconomyShopGUI] [INFO]: Failed to automatically find compatible spawner provider, using default...
[21:45:25] [Server thread/INFO]: [EconomyShopGUI] [INFO]: Debug mode is enabled.
[21:45:25] [Server thread/INFO]: [EconomyShopGUI] [INFO]: Loading all items...
[21:45:25] [Server thread/INFO]: [EconomyShopGUI] [INFO]: Initialized - Took 367ms to complete
[21:45:25] [Server thread/INFO]: [PlayerShopGUIPlus] Enabling PlayerShopGUIPlus v1.33.1
[21:45:25] [Thread-23/INFO]: [gg.playit.minecraft.PlayitKeysSetup] found minecraft java tunnel: options-martial.joinmc.link
[21:45:25] [Thread-23/INFO]: [gg.playit.minecraft.PlayitManager] keys and tunnel setup
[21:45:25] [Thread-23/WARN]: [gg.playit.control.ChannelSetup] Got IO error working with :control.playit.gg/2602:fbaf:830:0:0:0:0:1, error : java.net.SocketException: Network is unreachable
[21:45:25] [Server thread/ERROR]: Error occurred while enabling PlayerShopGUIPlus v1.33.1 (Is it up to date?)
java.lang.ArrayIndexOutOfBoundsException: Index 3 out of bounds for length 3
	at PlayerShopGUIPlus-1.33.1.jar/net.brcdev.playershopgui.PlayerShopGuiPlugin.setupItemHandler(PlayerShopGuiPlugin.java:362) ~[PlayerShopGUIPlus-1.33.1.jar:?]
	at PlayerShopGUIPlus-1.33.1.jar/net.brcdev.playershopgui.PlayerShopGuiPlugin.onEnable(PlayerShopGuiPlugin.java:173) ~[PlayerShopGUIPlus-1.33.1.jar:?]
	at org.bukkit.plugin.java.JavaPlugin.setEnabled(JavaPlugin.java:284) ~[paper-api-1.21.4-R0.1-SNAPSHOT.jar:?]
	at io.papermc.paper.plugin.manager.PaperPluginInstanceManager.enablePlugin(PaperPluginInstanceManager.java:202) ~[paper-1.21.4.jar:1.21.4-136-e0711af]
	at io.papermc.paper.plugin.manager.PaperPluginManagerImpl.enablePlugin(PaperPluginManagerImpl.java:109) ~[paper-1.21.4.jar:1.21.4-136-e0711af]
	at org.bukkit.plugin.SimplePluginManager.enablePlugin(SimplePluginManager.java:520) ~[paper-api-1.21.4-R0.1-SNAPSHOT.jar:?]
	at org.bukkit.craftbukkit.CraftServer.enablePlugin(CraftServer.java:656) ~[paper-1.21.4.jar:1.21.4-136-e0711af]
	at org.bukkit.craftbukkit.CraftServer.enablePlugins(CraftServer.java:605) ~[paper-1.21.4.jar:1.21.4-136-e0711af]
	at net.minecraft.server.MinecraftServer.loadWorld0(MinecraftServer.java:743) ~[paper-1.21.4.jar:1.21.4-136-e0711af]
	at net.minecraft.server.MinecraftServer.loadLevel(MinecraftServer.java:488) ~[paper-1.21.4.jar:1.21.4-136-e0711af]
	at net.minecraft.server.dedicated.DedicatedServer.initServer(DedicatedServer.java:322) ~[paper-1.21.4.jar:1.21.4-136-e0711af]
	at net.minecraft.server.MinecraftServer.runServer(MinecraftServer.java:1163) ~[paper-1.21.4.jar:1.21.4-136-e0711af]
	at net.minecraft.server.MinecraftServer.lambda$spin$2(MinecraftServer.java:310) ~[paper-1.21.4.jar:1.21.4-136-e0711af]
	at java.base/java.lang.Thread.run(Thread.java:1583) ~[?:?]
[21:45:25] [Server thread/INFO]: [PlayerShopGUIPlus] Disabling PlayerShopGUIPlus v1.33.1
[21:45:25] [Server thread/ERROR]: Error occurred while disabling PlayerShopGUIPlus v1.33.1
java.lang.NullPointerException: Cannot invoke "net.brcdev.playershopgui.database.DataManager.close()" because "this.dataManager" is null
	at PlayerShopGUIPlus-1.33.1.jar/net.brcdev.playershopgui.PlayerShopGuiPlugin.onDisable(PlayerShopGuiPlugin.java:247) ~[PlayerShopGUIPlus-1.33.1.jar:?]
	at org.bukkit.plugin.java.JavaPlugin.setEnabled(JavaPlugin.java:290) ~[paper-api-1.21.4-R0.1-SNAPSHOT.jar:?]
	at io.papermc.paper.plugin.manager.PaperPluginInstanceManager.disablePlugin(PaperPluginInstanceManager.java:237) ~[paper-1.21.4.jar:1.21.4-136-e0711af]
	at io.papermc.paper.plugin.manager.PaperPluginManagerImpl.disablePlugin(PaperPluginManagerImpl.java:114) ~[paper-1.21.4.jar:1.21.4-136-e0711af]
	at org.bukkit.plugin.SimplePluginManager.disablePlugin(SimplePluginManager.java:550) ~[paper-api-1.21.4-R0.1-SNAPSHOT.jar:?]
	at io.papermc.paper.plugin.manager.PaperPluginInstanceManager.enablePlugin(PaperPluginInstanceManager.java:206) ~[paper-1.21.4.jar:1.21.4-136-e0711af]
	at io.papermc.paper.plugin.manager.PaperPluginManagerImpl.enablePlugin(PaperPluginManagerImpl.java:109) ~[paper-1.21.4.jar:1.21.4-136-e0711af]
	at org.bukkit.plugin.SimplePluginManager.enablePlugin(SimplePluginManager.java:520) ~[paper-api-1.21.4-R0.1-SNAPSHOT.jar:?]
	at org.bukkit.craftbukkit.CraftServer.enablePlugin(CraftServer.java:656) ~[paper-1.21.4.jar:1.21.4-136-e0711af]
	at org.bukkit.craftbukkit.CraftServer.enablePlugins(CraftServer.java:605) ~[paper-1.21.4.jar:1.21.4-136-e0711af]
	at net.minecraft.server.MinecraftServer.loadWorld0(MinecraftServer.java:743) ~[paper-1.21.4.jar:1.21.4-136-e0711af]
	at net.minecraft.server.MinecraftServer.loadLevel(MinecraftServer.java:488) ~[paper-1.21.4.jar:1.21.4-136-e0711af]
	at net.minecraft.server.dedicated.DedicatedServer.initServer(DedicatedServer.java:322) ~[paper-1.21.4.jar:1.21.4-136-e0711af]
	at net.minecraft.server.MinecraftServer.runServer(MinecraftServer.java:1163) ~[paper-1.21.4.jar:1.21.4-136-e0711af]
	at net.minecraft.server.MinecraftServer.lambda$spin$2(MinecraftServer.java:310) ~[paper-1.21.4.jar:1.21.4-136-e0711af]
	at java.base/java.lang.Thread.run(Thread.java:1583) ~[?:?]
[21:45:25] [Server thread/INFO]: [DiscordSRV] Enabling DiscordSRV v1.29.0
[21:45:25] [Server thread/INFO]: [FlyTime] Enabling FlyTime v1.2*
[21:45:25] [Server thread/INFO]: [FlyTime] Config.yml found, loading!
[21:45:25] [Server thread/INFO]: [LevelledMobs] Enabling LevelledMobs v4.2.0.2 b98
[21:45:25] [Server thread/INFO]: [LevelledMobs] Enabling commands
[21:45:25] [Server thread/INFO]: [LevelledMobs] Building reflection cache, use simple names: true
[21:45:25] [Server thread/INFO]: [LevelledMobs] Using NMS version 1.21.4 for nametag support
[21:45:25] [Server thread/INFO]: [LevelledMobs] File Loader: Loading files...
[21:45:25] [Server thread/INFO]: [LevelledMobs] File Loader: Loading file 'settings.yml'...
[21:45:25] [Server thread/INFO]: [LevelledMobs] File Loader: Loading file 'messages.yml'...
[21:45:25] [Server thread/INFO]: [LevelledMobs] File Loader: Loading file 'externalplugins.yml'...
[21:45:25] [Server thread/INFO]: [LevelledMobs] File Loader: Loading file 'rules.yml'...
[21:45:26] [Server thread/INFO]: [LevelledMobs] Current rules hash: 626f7948e08d6f66d6c5cff9da8bc847f873f257244c02b308619b122236248e
[21:45:26] [Server thread/INFO]: [LevelledMobs] File Loader: Loading file 'customdrops.yml'...
[21:45:26] [Server thread/INFO]: [LevelledMobs] Listeners: Registering event listeners...
[21:45:26] [Thread-23/INFO]: [gg.playit.control.ChannelSetup] request queued, waiting 1 second before resend
[21:45:26] [Server thread/INFO]: [LevelledMobs] Running misc procedures
[21:45:26] [Server thread/INFO]: [LevelledMobs] Tasks: Starting async nametag auto update task...
[21:45:26] [Server thread/INFO]: [LevelledMobs] Start-up complete (took 294ms)
[21:45:26] [Server thread/INFO]: [TAB] Enabling TAB v5.0.3
[21:45:26] [Server thread/INFO]: [TAB] Loaded NMS hook in 58ms
[21:45:26] [Server thread/INFO]: [TAB] [config.yml] [Hint] Refresh interval of %server_unique_joins% is same as default interval, therefore there is no need to override it.
[21:45:26] [Server thread/INFO]: [TAB] [WARN] [config.yml] Missing configuration section "placeholders.register-tab-expansion" of type Boolean, using default value false.
[21:45:26] [Server thread/INFO]: [TAB] [WARN] [groups.yml] Unknown property "customtagname" defined for group "_DEFAULT_". Valid properties: [tagprefix, tagsuffix, tabprefix, customtabname, tabsuffix, header, footer]
[21:45:26] [Server thread/INFO]: [TAB] [WARN] [users.yml] Unknown property "abovename" defined for user "_NEZNAMY_". Valid properties: [tagprefix, tagsuffix, tabprefix, customtabname, tabsuffix, header, footer]
[21:45:26] [Server thread/INFO]: [TAB] [WARN] [users.yml] Unknown property "belowname" defined for user "_NEZNAMY_". Valid properties: [tagprefix, tagsuffix, tabprefix, customtabname, tabsuffix, header, footer]
[21:45:26] [Server thread/INFO]: [TAB] [WARN] Found a total of 4 issues.
[21:45:26] [Server thread/INFO]: [TAB] Enabled in 375ms
[21:45:26] [Server thread/INFO]: [concrete_powder_modifier] Enabling concrete_powder_modifier v${version}
[21:45:26] [Server thread/INFO]: Concrete powder modifier starting...
[21:45:26] [Server thread/INFO]: [LevelTools] Enabling LevelTools v1.4.0.2
[21:45:26] [Server thread/INFO]:           _____
[21:45:26] [Server thread/INFO]:  |          |     Created by byteful
[21:45:26] [Server thread/INFO]:  |          |     Running LevelTools v1.4.0.2 on MC 1.21.4
[21:45:26] [Server thread/INFO]:  |_____     |     Join https://discord.gg/G8BDgqsuyw for support!
[21:45:26] [Server thread/INFO]: 
[21:45:26] [Server thread/INFO]: [LevelTools] Loaded configuration...
[21:45:26] [pool-23-thread-1/INFO]: [DiscordSRV] DiscordSRV is up-to-date. (9d4734818ab27069d76f264a4cda74a699806770)
[21:45:26] [Server thread/INFO]: [LevelTools] Loaded block data manager...
[21:45:26] [Server thread/INFO]: [LevelTools] Checking for updates...
[21:45:26] [Server thread/INFO]: [LevelTools] Registered listeners...
[21:45:26] [Server thread/WARN]: [LevelTools] "LevelTools v1.4.0.2" has registered a listener for com.destroystokyo.paper.event.brigadier.CommandRegisteredEvent on method "public void me.byteful.plugin.leveltools.libs.lamp.bukkit.brigadier.PaperCommodore$CommandRegisterListener.onCommandRegistered(com.destroystokyo.paper.event.brigadier.CommandRegisteredEvent<?>)", but the event is Deprecated. "This event has been superseded by the Commands API and will be removed in a future release. Listen to LifecycleEvents.COMMANDS instead."; please notify the authors [byteful].
[21:45:26] [Server thread/INFO]: [LevelTools] Registered commands...
[21:45:26] [Server thread/INFO]: [LevelTools] Successfully started LevelTools v1.4.0.2!
[21:45:26] [Server thread/INFO]: [Sleeper] Enabling Sleeper v1.5.1
[21:45:26] [Server thread/INFO]: [Sleeper] Sleeper Version 1.5.1 Has Been Enabled!
[21:45:27] [Server thread/INFO]: [Hibernate] Enabling Hibernate v2.1.0
[21:45:27] [Server thread/INFO]: [BetterRTP] Enabling BetterRTP v3.6.8
[21:45:27] [DiscordSRV - Initialization/INFO]: [DiscordSRV] [JDA] Login Successful!
[21:45:27] [Server thread/INFO]: [BetterRTP] Cooldown = 600
[21:45:27] [Server thread/INFO]: [BetterRTP] Loading Overrides...
[21:45:27] [Server thread/INFO]: [BetterRTP] Loading World Types...
[21:45:27] [Server thread/INFO]: [BetterRTP] - World Type for 'world' set to 'NORMAL'
[21:45:27] [Server thread/INFO]: [BetterRTP] - World Type for 'world_nether' set to 'NETHER'
[21:45:27] [Server thread/INFO]: [BetterRTP] - World Type for 'world_the_end' set to 'NORMAL'
[21:45:27] [Server thread/INFO]: [BetterRTP] Loading Defaults...
[21:45:27] [Server thread/INFO]: [BetterRTP] Loading Custom Worlds...
[21:45:27] [Server thread/INFO]: [BetterRTP] [WARN] - Custom World 'custom_world_1' was not registered because world does NOT exist
[21:45:27] [Server thread/INFO]: [BetterRTP] [WARN] - Custom World 'other_custom_world' was not registered because world does NOT exist
[21:45:27] [Server thread/ERROR]: [BetterRTP] The particle 'EXPLOSION_NORMAL' created a fatal error when loading particles! Your MC version isn't supported!
[21:45:27] [JDA MainWS-ReadThread/INFO]: [DiscordSRV] [JDA] Connected to WebSocket
[21:45:27] [Server thread/INFO]: [spark] Starting background profiler...
[21:45:27] [Server thread/INFO]: Done preparing level "world" (12.011s)
[21:45:27] [Server thread/INFO]: Running delayed init tasks
[21:45:27] [Craft Scheduler Thread - 0 - Autorank/INFO]: [Autorank] Primary storage provider of Autorank: FlatFileStorageProvider
[21:45:27] [Craft Scheduler Thread - 1 - Autorank/INFO]: [Autorank] Loading UUID storage files...
[21:45:27] [Server thread/INFO]: [Essentials] Essentials found a compatible payment resolution method: Vault Compatibility Layer (v1.7.3-b131)!
[21:45:27] [Craft Scheduler Thread - 0 - Autorank/INFO]: [Autorank] Removed 0 old storage entries from database!
[21:45:27] [Craft Scheduler Thread - 4 - Playtimes/INFO]: [Playtimes] [PlayTimes] Plugin is up to date! - 1.6.2b
[21:45:27] [Craft Scheduler Thread - 1 - Autorank/INFO]: [Autorank] Loaded UUID storage in 0 seconds.
[21:45:27] [Craft Scheduler Thread - 5 - BetterRTP/INFO]: [BetterRTP] Database QUEUE:Queue configured and loaded!
[21:45:27] [Craft Scheduler Thread - 1 - BetterRTP/INFO]: [BetterRTP] Database COOLDOWN:world configured and loaded!
[21:45:27] [Craft Scheduler Thread - 16 - BetterRTP/INFO]: [BetterRTP] Database CHUNK_DATA:ChunkData configured and loaded!
[21:45:27] [Craft Scheduler Thread - 15 - Vault/INFO]: [Vault] Checking for Updates ... 
[21:45:27] [Craft Scheduler Thread - 1 - BetterRTP/INFO]: [BetterRTP] Database COOLDOWN:world_nether configured and loaded!
[21:45:27] [Craft Scheduler Thread - 1 - BetterRTP/INFO]: [BetterRTP] Database COOLDOWN:world_the_end configured and loaded!
[21:45:27] [Craft Scheduler Thread - 1 - BetterRTP/INFO]: [BetterRTP] Database COOLDOWN:world_pve configured and loaded!
[21:45:27] [Craft Scheduler Thread - 1 - BetterRTP/INFO]: [BetterRTP] Database COOLDOWN:Quests configured and loaded!
[21:45:27] [Craft Scheduler Thread - 1 - BetterRTP/INFO]: [BetterRTP] Database COOLDOWN:world_mining configured and loaded!
[21:45:27] [Craft Scheduler Thread - 4 - BetterRTP/INFO]: [BetterRTP] Database PLAYERS:Players configured and loaded!
[21:45:27] [Craft Scheduler Thread - 3 - Essentials/INFO]: [Essentials] Fetching version information...
[21:45:27] [Craft Scheduler Thread - 15 - Vault/INFO]: [Vault] No new version available
[21:45:27] [Server thread/INFO]: [Hibernate] Saving worlds before Hibernation
[21:45:27] [Server thread/WARN]: A manual (plugin-induced) save has been detected while server is configured to auto-save. This may affect performance.
[21:45:28] [JDA MainWS-ReadThread/INFO]: [DiscordSRV] [JDA] Finished Loading!
[21:45:28] [Craft Scheduler Thread - 14 - LevelTools/INFO]: [LevelTools] No new updates found.
[21:45:28] [DiscordSRV - Initialization/INFO]: [DiscordSRV] Console forwarding assigned to channel TC:srv-command-line(1332317249339658240)
[21:45:28] [DiscordSRV - Initialization/INFO]: [DiscordSRV] Saved linked accounts in 6ms
[21:45:28] [Server thread/INFO]: [Hibernate] Worlds saved!
[21:45:28] [Server thread/INFO]: [Autorank] Registering statistics of vanilla Minecraft!
[21:45:28] [Server thread/INFO]: [Autorank] Loaded libraries and dependencies
[21:45:28] [DiscordSRV - Initialization/INFO]: [DiscordSRV] Enabling Essentials hook
[21:45:28] [DiscordSRV - Initialization/INFO]: [DiscordSRV] Enabling dynmap hook
[21:45:28] [DiscordSRV - Initialization/INFO]: [DiscordSRV] Enabling LuckPerms hook
[21:45:28] [Server thread/INFO]: [LumberJack] You are using the latest version of LumberJack.
[21:45:28] [Server thread/INFO]: Done (33.861s)! For help, type "help"
[21:45:29] [Craft Scheduler Thread - 3 - Essentials/WARN]: [Essentials] You're 11 EssentialsX dev build(s) out of date!
[21:45:29] [Craft Scheduler Thread - 3 - Essentials/WARN]: [Essentials] Download it here: https://essentialsx.net/downloads.html
[21:45:29] [DiscordSRV - JDA Callback 0/INFO]: [DiscordSRV] Cleared all pre-existing slash commands in 2/2 guilds (0 cancelled)
[21:45:31] [Server thread/WARN]: Can't keep up! Is the server overloaded? Running 3257ms or 65 ticks behind
[21:45:32] [Dynmap Render Thread/INFO]: [dynmap] Loading default resource pack
[21:45:37] [Craft Scheduler Thread - 14 - BetterRTP/INFO]: [BetterRTP] Attempting to queue up some more safe locations...
[21:45:57] [Craft Scheduler Thread - 14 - BetterRTP/INFO]: [BetterRTP] Queueing paused, max queue limit reached!
[21:46:07] [Craft Scheduler Thread - 14 - Dynmap-GriefPrevention/WARN]: java.util.concurrent.TimeoutException
[21:46:07] [Craft Scheduler Thread - 14 - Dynmap-GriefPrevention/WARN]: 	at java.base/java.util.concurrent.CompletableFuture.timedGet(CompletableFuture.java:1960)
[21:46:07] [Craft Scheduler Thread - 14 - Dynmap-GriefPrevention/WARN]: 	at java.base/java.util.concurrent.CompletableFuture.get(CompletableFuture.java:2095)
[21:46:07] [Craft Scheduler Thread - 14 - Dynmap-GriefPrevention/WARN]: 	at Dynmap-GriefPrevention-0.88.jar//org.dynmap.griefprevention.UpdateProcessing.getClaimsNonAsync(UpdateProcessing.java:73)
[21:46:07] [Craft Scheduler Thread - 14 - Dynmap-GriefPrevention/WARN]: 	at Dynmap-GriefPrevention-0.88.jar//org.dynmap.griefprevention.UpdateProcessing.updateClaims(UpdateProcessing.java:89)
[21:46:07] [Craft Scheduler Thread - 14 - Dynmap-GriefPrevention/WARN]: 	at Dynmap-GriefPrevention-0.88.jar//org.dynmap.griefprevention.DynmapGriefPreventionPlugin$1.run(DynmapGriefPreventionPlugin.java:181)
[21:46:07] [Craft Scheduler Thread - 14 - Dynmap-GriefPrevention/WARN]: 	at org.bukkit.craftbukkit.scheduler.CraftTask.run(CraftTask.java:78)
[21:46:07] [Craft Scheduler Thread - 14 - Dynmap-GriefPrevention/WARN]: 	at org.bukkit.craftbukkit.scheduler.CraftAsyncTask.run(CraftAsyncTask.java:57)
[21:46:07] [Craft Scheduler Thread - 14 - Dynmap-GriefPrevention/WARN]: 	at com.destroystokyo.paper.ServerSchedulerReportingWrapper.run(ServerSchedulerReportingWrapper.java:22)
[21:46:07] [Craft Scheduler Thread - 14 - Dynmap-GriefPrevention/WARN]: 	at java.base/java.util.concurrent.ThreadPoolExecutor.runWorker(ThreadPoolExecutor.java:1144)
[21:46:07] [Craft Scheduler Thread - 14 - Dynmap-GriefPrevention/WARN]: 	at java.base/java.util.concurrent.ThreadPoolExecutor$Worker.run(ThreadPoolExecutor.java:642)
[21:46:07] [Craft Scheduler Thread - 14 - Dynmap-GriefPrevention/WARN]: 	at java.base/java.lang.Thread.run(Thread.java:1583)
