10:45 JGamesSP    : thx pookie
11:59 JGamesSP  : ja ma das 9/10 keer toch dus is goed he
12:11 JGamesSP  : guillaume?
12:11 JGamesSP  : waarom doen bome valle?
12:35 JGamesSP  : omda da voor geen meter macheert me veinminer
12:36 JGamesSP  : dan mined da 2 blocks, spawt er 1 half terug of, en dan valt die shit naar benede
12:36 JGamesSP  : heel vaag
12:38 JGamesSP  : thx pookie
12:38 JGamesSP  : geen idee kerel
12:51 JGamesSP  : fkn withces kerel
13:17 JGamesSP  : eyo
13:18 C2gl      : greetings xd
13:19 C2gl      : t/ar check [vip]
13:19 JGamesSP  : ja ma volgens de dinge ben ik nog ni eens member
13:20 JGamesSP  : wanr ik moet nog 500 {1} {2} doodmake
13:20 C2gl      : op 81% xd
13:20 JGamesSP  : da die ik ni eens
13:21 C2gl      : om te zien wat je moet doen kun je /ar check [member]
13:21 JGamesSP  : ja
13:21 JGamesSP  : kijk dms
13:21 C2gl      : yes
13:40 JGamesSP  : obsdidian
13:40 JGamesSP  : werke die pistons al?
13:40 C2gl      : nope
13:40 JGamesSP  : shiit
13:40 C2gl      : om de piston en hopper lag te vermijden moet je die claimen, anders werken ze niet
13:41 JGamesSP  : ja ma ma ma ik wil gwn pisotns late vliege
13:41 C2gl      : omg xd, die nieuwe mountain plains zijn niceee
13:41 C2gl      : jammmmeeeeer xd
13:42 JGamesSP  : ja ma mf
13:42 C2gl      : sorry xd?
13:46 JGamesSP  : wacht is
13:46 C2gl      : yes?.
13:46 JGamesSP  : ge hebt erges in die file van griefprevention
13:46 JGamesSP  : pistonmovement:claims_only he
13:47 JGamesSP  : verander die claims_only is naar everywhere
13:47 C2gl      : nee
13:47 C2gl      : ik know de setting xd
13:47 JGamesSP  : doet da werke toch
13:47 C2gl      : ja ja idd dan zou het werken xd
13:48 JGamesSP  : maar?
13:48 C2gl      : like said xd, geen lag machines meer op deze serv gelijk op de voorig xd
13:49 C2gl      : als je wilt wil ik het heel tijdelijk aan zetten xd, ma morgen is die dan terug uit
13:50 JGamesSP  : lag machnies ware toch geen rpobleem wel?
16:08 JGamesSP  : thxkye
16:08 JGamesSP  : ghello
16:08 JGamesSP  : guillaume
16:08 JGamesSP  : staat tnt dupoing af
16:08 C2gl      : verreyt?
16:09 JGamesSP  : ...
16:09 C2gl      : dat ik dat niet weet?
16:09 JGamesSP  : mmmmh
16:09 JGamesSP  : vaag
16:13 C2gl      : nope, tnt duping staat niet uit
16:13 JGamesSP  : mmmh zou da dan me die claim dings zijn
16:13 JGamesSP  : wacht
16:13 C2gl      : ben net gaan checken, dat is geen setting xd
16:15 JGamesSP  : quoi de la foek
16:15 JGamesSP  : mijn tnt proceeds om gwn te delete
16:15 C2gl      : what the heck xd
16:17 C2gl placed suspicious WATER_BUCKET @ world: x-774, z-1096
16:20 C2gl placed suspicious WATER_BUCKET @ world: x-710, z-760
16:22 JGamesSP  : ok het ligt dus ni aan de claim
16:22 JGamesSP  : waarom
16:22 JGamesSP  : tf, doet mijn fkn tnt gewoon poef
16:23 JGamesSP  : zou da aan de plugins lige?
16:24 JGamesSP  : is dit een paper server?
16:24 JGamesSP  : aaha
16:24 JGamesSP  : bij paper servers staat da blijkbaar automatisch aan fz
16:27 JGamesSP  : ma what
16:27 JGamesSP  : dafuk
16:28 JGamesSP  : das oprecht fkn vaag
16:28 JGamesSP  : dan schiet die tnt wel
16:28 JGamesSP  : ma gwn de coral en oorspronkelijk tnt doen gwn self delete
16:28 JGamesSP  : nee
16:28 JGamesSP  : nog steeds hetzelfde
