13:57 JGamesSP  : EYAA
14:34 Art3mis7200 placed suspicious WATER_BUCKET @ world: x646, z1630
14:39 Art3mis7200 placed suspicious WATER_BUCKET @ world: x646, z1646
14:53 transferreSP: aaaaaaaaaaaaaaaaaaaaaaaaaaaaah
14:53 JGamesSP    : AAAAAAAAAAAAAAAAAAAAAAAAh
14:53 Art3mis7200 : bbbbbbbbbbbbbbbbbbbbbbbbbbbbbbb
14:54 JGamesSP    : yes
14:54 JGamesSP    : vraag ma aan pex
14:54 JGamesSP    : man zit hier ook gwn
14:54 JGamesSP    : heeft nog geen woord gezegd he
14:54 JGamesSP    : ma alleen ma random geluidjes
14:54 transferreSP: zo kreun en mijn luchtpijp zit dicht geluidjes
14:54 transferreSP: ni klikke fzo
14:55 transferreSP: nee
15:11 JGamesSP    : EYAA
15:11 C2gl        : eyyyyyyyyyyyyy
15:12 JGamesSP    : kom vc
15:12 C2gl        : ik kan dan wel enkel luisteren
15:12 C2gl        : mijn vader zit in meeting xd
15:12 JGamesSP    : da maakt ni uit
15:12 C2gl        : heyyy
15:12 transferreSP: HEEEEEY
15:12 C2gl        : wrm?
15:13 C2gl        : en wrm doen jullie jezelf dat aan ?
15:13 C2gl        : :/
15:13 C2gl        : i have many questions xd, but i don't want the answers xd
15:14 C2gl        : zijn jullie wel f### okay xd
15:15 C2gl        : goed goed xd, ik ben net mijn pc gaan betalen xd
15:15 C2gl        : dus normal heb i hum vrijdag xd
15:15 C2gl        : -2.500 xd
15:15 C2gl        : hehehe
15:16 C2gl        : 2TB ssD M.2
15:16 C2gl        : I7 14700KF
15:16 C2gl        : 64GB DDR5
15:16 C2gl        : RTX4070TI
15:16 C2gl        : :D
15:16 C2gl        : go big or go home xd
15:16 C2gl        : i went home crying xd
15:17 C2gl        : btw, heb je ondertussen P3 villagers?
15:17 C2gl        : fancy xd
15:17 C2gl        : en hoeveel kosten ze?
15:18 C2gl        : emeralds?
15:18 C2gl        : ohhh chill xd ,mag ik er dan wa komen kopen?zz
15:18 C2gl        : yey xd
15:19 C2gl        : lol xd
15:20 C2gl        : aight
15:20 C2gl        : nah xd, bookshelves xd
15:21 C2gl        : very nice xd
15:21 C2gl        : thx xd
15:21 C2gl        : nope
15:22 C2gl        : hier
15:22 C2gl        : om je vilagers te hebben mogen gebruiken
15:22 C2gl        : same xd
15:22 C2gl        : i was bored at night xd
15:22 C2gl        : hehe
15:22 C2gl        : both xd
15:22 C2gl        : yes
15:23 C2gl        : eyyyyow xd, je bent al member xd, noice
15:28 C2gl        : wat is aangepast
15:28 C2gl        : nope, niet aan gekomen
15:29 C2gl        : yes
15:29 C2gl        : dat was al op de voorige gewijzigd
15:29 C2gl        : wrs door jou omdat je te snel ging xd
15:36 C2gl        : ma downmpad die gwn
15:36 C2gl        : ik heb nu opti xd
15:36 C2gl        : en die werkt prima xd
15:36 C2gl        : yups
15:36 C2gl        : bij mij is die prima
15:36 C2gl        : de pre 11 is goe
15:36 C2gl        : skill issue
15:41 JGamesSP    :  placed a sign @ world: x1002, z1474
  D
15:41 JGamesSP    :  placed a sign @ world: x1004, z1472
  D
15:44 C2gl        : pain xd
15:49 C2gl        : what xd
15:50 C2gl        : ahh julie builden samen xd
15:50 C2gl        : lol xd
15:53 C2gl        : tot straks
15:53 C2gl        : noiceeeee
15:54 C2gl        : chop chop
15:56 C2gl        : yes
16:02 C2gl        : damn , die vex zijn een pain xd
16:04 C2gl        : watte?
16:05 C2gl        : kan da nu dan enkel nog met commands?
16:06 C2gl        : hoor je me?
16:06 C2gl        : ah xd, ik dacht gemute te zijn xd
16:06 C2gl        : anyways xd
16:14 JGamesSP    : elo
16:14 theChichi77 : Hello
16:25 theChichi77 : Hi
16:28 Art3mis7200 : o/
16:28 JGamesSP    : eloo
16:28 transferreSP: o/
16:31 transferreSP placed suspicious WATER_BUCKET @ world: x344, z680
16:33 transferreSP placed suspicious WATER_BUCKET @ world: x341, z708
16:40 theChichi77 : bye
17:04 transferreSP placed suspicious WATER_BUCKET @ world: x321, z678
17:04 transferreSP placed suspicious WATER_BUCKET @ world: x336, z676
17:05 transferreSP placed suspicious WATER_BUCKET @ world: x346, z682
17:05 transferreSP placed suspicious WATER_BUCKET @ world: x340, z709
17:05 transferreSP placed suspicious WATER_BUCKET @ world: x341, z723
17:09 transferreSP placed suspicious WATER_BUCKET @ world: x322, z721
17:09 transferreSP placed suspicious WATER_BUCKET @ world: x322, z713
17:09 transferreSP placed suspicious WATER_BUCKET @ world: x314, z704
17:10 transferreSP placed suspicious WATER_BUCKET @ world: x311, z702
17:10 transferreSP placed suspicious WATER_BUCKET @ world: x292, z701
17:10 transferreSP placed suspicious WATER_BUCKET @ world: x290, z687
17:11 transferreSP placed suspicious WATER_BUCKET @ world: x311, z686
17:13 transferreSP placed suspicious WATER_BUCKET @ world: x322, z678
17:14 transferreSP placed suspicious WATER_BUCKET @ world: x323, z676
17:14 transferreSP placed suspicious WATER_BUCKET @ world: x336, z676
17:14 transferreSP placed suspicious WATER_BUCKET @ world: x345, z683
17:15 transferreSP placed suspicious WATER_BUCKET @ world: x347, z695
17:15 transferreSP placed suspicious WATER_BUCKET @ world: x347, z699
17:15 transferreSP placed suspicious WATER_BUCKET @ world: x345, z701
17:15 transferreSP placed suspicious WATER_BUCKET @ world: x345, z700
17:16 transferreSP placed suspicious WATER_BUCKET @ world: x339, z706
17:16 transferreSP placed suspicious WATER_BUCKET @ world: x338, z708
17:16 transferreSP placed suspicious WATER_BUCKET @ world: x338, z708
17:17 transferreSP placed suspicious WATER_BUCKET @ world: x337, z719
17:17 transferreSP placed suspicious WATER_BUCKET @ world: x338, z722
17:19 transferreSP placed suspicious WATER_BUCKET @ world: x324, z724
17:21 JGamesSP    : NIET SLAPEN KUT
17:21 transferreSP: dsqfdAdsfEdqsfE
17:22 transferreSP: NiET sLaPen KuT
17:22 transferreSP placed suspicious WATER_BUCKET @ world: x323, z715
17:22 transferreSP placed suspicious WATER_BUCKET @ world: x322, z712
17:22 transferreSP: ABRACAdABRA
17:22 transferreSP: mhmm
17:22 transferreSP: raar
17:22 transferreSP placed suspicious WATER_BUCKET @ world: x318, z703
17:23 transferreSP placed suspicious WATER_BUCKET @ world: x313, z699
17:36 transferreSP placed suspicious WATER_BUCKET @ world: x312, z691
17:36 transferreSP placed suspicious WATER_BUCKET @ world: x313, z687
17:37 transferreSP placed suspicious WATER_BUCKET @ world: x303, z688
17:37 transferreSP placed suspicious WATER_BUCKET @ world: x292, z685
17:40 transferreSP placed suspicious WATER_BUCKET @ world: x292, z692
17:41 transferreSP placed suspicious WATER_BUCKET @ world: x290, z699
17:42 transferreSP placed suspicious WATER_BUCKET @ world: x296, z693
17:47 transferreSP placed suspicious WATER_BUCKET @ world: x323, z731
17:57 transferreSP: GAAR
17:57 transferreSP: wat
18:57 Art3mis7200: o/+
19:03 transferreSP: o/
19:04 Art3mis7200 : ik wil ferre terug
19:05 C2gl        : greetings xd
19:05 JGamesSP    : yes me gon go afk
19:05 transferreSP: ik ben gekidnapped
19:06 JGamesSP    : altijd kidnappe
19:20 Art3mis7200 :  placed a sign @ world: x1088, z1440
  e
19:39 Art3mis7200 : qhjq
19:39 Art3mis7200 : ahja
19:39 Art3mis7200 : da was me een shovel zeker
19:41 transferreSP: ma staat dat echt uit
19:41 transferreSP: of is da zoals creeper explosions
19:42 JGamesSP    : kijk ferre we is bhetter
19:42 JGamesSP    : trouwens creepers doen nog alrtijd boem is kut
19:42 transferreSP: /r we is better? 
19:42 transferreSP: wym we is better
19:42 transferreSP: oop
19:42 JGamesSP    : sneaky sneakyextra chat
19:51 transferreSP: ah cv
19:51 transferreSP: ma das dan gefixt das mooi
19:56 JGamesSP    : me i sbussy jarne
20:07 transferreSP: oei waarvoor wou gij tp e
20:08 Art3mis7200 : tis al geregeld
20:08 Art3mis7200 : khad dark oak nodig
20:09 Art3mis7200 : wrm heb ik geen veinminer meer
20:10 Art3mis7200 : ahja
20:10 Art3mis7200 : gefixt
20:35 JGamesSP    : dit is saai klerel
20:37 JGamesSP    : hebt gij hier ergesn een lastfurncae?
20:37 Art3mis7200 : kelder
20:37 JGamesSP    : wilt ge ddie is rap
20:38 JGamesSP    : haal die is ff weg?
20:38 JGamesSP    : ik denk da mijn villager op gelocked is
20:38 Art3mis7200 : weet gy hoe ver da is
20:40 Art3mis7200 : magk teruhzette
20:40 JGamesSP    : wch
20:40 JGamesSP    : ja zet ma terug
20:40 Art3mis7200 : wast da
20:40 JGamesSP    : neje
20:40 JGamesSP    : ma die man is een amrorer
20:40 JGamesSP    : en da ga ni weg fz
20:43 JGamesSP    : wpw ge bent vip
20:43 Art3mis7200 : JA
