11:38 JGamesSP  : eloo
11:38 JGamesSP  : bergen make is moeilijk
11:39 JGamesSP  : zoals ik zeg
11:39 JGamesSP  : berge make is moeilijk
11:39 JGamesSP  : tich @ferre
11:39 JGamesSP  : ja mijn base licht omgeve door heuvel/berg
11:40 JGamesSP  : yes
11:40 JGamesSP  : die vierkant komt de base
11:41 JGamesSP  : en daarrond komnt berg
13:31 C2gl      : oh my xd, dat is een berg xd
13:32 C2gl      : hes going to need a few more weeks of playtime xd
13:35 C2gl      : probleem 1 xd , waar gaat hum de resources vinden xd
13:35 C2gl      : prob 2, waar gaat hij de tijd vinden xd?
20:42 transferreSP: o.
20:42 transferreSP: o/
20:42 C2gl        : heyy yxd
21:10 transferreSP: aw
21:10 C2gl        : rip =:'(
21:10 transferreSP: stomme vloer
21:10 C2gl        : hahaha
21:13 transferreSP placed suspicious WATER_BUCKET @ world: x322, z659
21:14 transferreSP placed suspicious WATER_BUCKET @ world: x313, z662
21:14 transferreSP placed suspicious WATER_BUCKET @ world: x312, z661
21:14 transferreSP placed suspicious WATER_BUCKET @ world: x306, z659
21:15 transferreSP placed suspicious WATER_BUCKET @ world: x298, z665
