11:44 JGamesSP  : thx
13:02 Art3mis7200: hey
13:13 Art3mis7200: skeleton
13:18 Art3mis7200: problee+
13:19 Art3mis7200: ej pookster
13:19 Art3mis7200: zie gy het zitte vo 2 sticks te kome brenge?
13:20 Art3mis7200: ja kzen men sticks kwijt
13:20 Art3mis7200: en kheb diamonds gevonde
13:20 Art3mis7200: ma kheb nog geen iron pick
13:20 Art3mis7200: of wacht
13:21 Art3mis7200: kheb een plan
13:28 Art3mis7200: fuck
14:19 JGamesSP   : wb pookie
16:42 JGamesSP   : ghello
16:50 theChichi77: xD Have fun ^^
16:50 JGamesSP   : are you finally gonna marry that girl
16:50 JGamesSP   : and im not your best man????
16:50 JGamesSP   : FKN BETRAYAL
17:13 transferreSP: wb
17:15 theChichi77 : bye
17:15 transferreSP: o/
17:15 JGamesSP    : bye
17:15 Art3mis7200 : bye
18:27 transferreSP: yees
18:27 transferreSP: was te traag met mn water op te pakken >.<
18:27 transferreSP: rip water
18:28 transferreSP: nee was gwn obsidian aant minen
19:02 Art3mis7200 : rip
