09:52 C2gl      : greetings
09:52 C2gl      : wb xd
09:53 JGamesSP  : wa bezuig
09:54 JGamesSP  : doet die tool leveling shit ook enchants vove de standaard/
09:54 JGamesSP  : ?
09:54 C2gl      : wat bedoel je?
09:54 JGamesSP  : ja da geeft enchants aan u tools he al ge die leveled
09:55 JGamesSP  : doet da ook enchanmtne bove het vanilla level
09:55 C2gl      : yes, ma dan moet je een hoger level hebben
09:55 JGamesSP  : gelek op den duur effecientie 10 of sharpnes 9 fz
09:55 C2gl      : ferre heeft dat geprobeert met een LVL 29 shovel xd
09:55 JGamesSP  : wtf
09:55 JGamesSP  : en wa gaf da
09:55 C2gl      : eff 7 dacht ik ?
09:55 C2gl      : of 5?
09:56 JGamesSP  : da valt tege
09:56 JGamesSP  : want da duurt toch fkn lang ni
10:04 C2gl      : yeah, je had maar lvl 29 xd
10:04 C2gl      : max level is 100 xd
10:04 JGamesSP  : ja geen idee, want als da ni is, is da het ni echt waard om die pain van da levele te doen
10:05 JGamesSP  : eloo
10:05 C2gl      : lwb
10:05 Art3mis7200: goeie morge
10:05 JGamesSP   : goeie morgeee pookie
10:05 JGamesSP   : elooo
10:05 transferreSP: eloo
10:06 JGamesSP    : ik had u huis nodig :(
10:06 transferreSP: wrm da
10:06 JGamesSP    : u sugarcane long time lenen
10:07 JGamesSP    : txh
10:10 Art3mis7200 placed suspicious WATER_BUCKET @ world: x756, z1734
10:11 Art3mis7200 placed suspicious WATER_BUCKET @ world: x765, z1756
10:17 C2gl        : O_O
10:17 transferreSP: DIGGY DIGGY HOLE
10:20 C2gl        : i got something for ya xd
10:21 Art3mis7200 : for me?
10:21 transferreSP: ahahh
10:21 transferreSP: i likke
10:21 transferreSP: like
10:21 Art3mis7200 : ah no
10:21 transferreSP: good gift
10:21 transferreSP: 10/10
10:21 C2gl        : hier zal het wel vijlig zijn om die te vermoorden ?xd
10:21 transferreSP: i guess
10:21 transferreSP: kga wel een iets platter stuk pakken
10:22 transferreSP: eig als ik een stukje claim
10:22 transferreSP: kan die da dan breken?
10:22 C2gl        : normaal neit nope
10:22 Art3mis7200 : gui
10:22 C2gl        : yes?
10:22 Art3mis7200 : hzo full netherite
10:22 C2gl        : hehehehe
10:22 Art3mis7200 : hebt ge geslape?
10:22 C2gl        : 4h
10:22 Art3mis7200 : jezzeus
10:22 C2gl        : ik heb nu swel miner lvl3 xd
10:22 Art3mis7200 : heeft er iemand voedsel?
10:22 C2gl        : hier
10:23 Art3mis7200 : danke
10:23 C2gl        : yw
10:23 Art3mis7200 : mss moek ook is een bow mkae
10:24 C2gl        : heb je geclaimed?
10:24 transferreSP: jup
10:24 C2gl        : noiceee
10:25 C2gl        : mhhhh xd
10:25 Art3mis7200 : well da was sad
10:25 transferreSP: lol
10:25 Art3mis7200 : 3 stars
10:25 transferreSP: drie
10:25 C2gl        : omg xd
10:25 transferreSP: moet ge er een hebben
10:25 Art3mis7200 : mss me men axe
10:25 C2gl        : wrs xd
10:25 Art3mis7200 : hoewel
10:25 Art3mis7200 : sta geen looting op
10:25 C2gl        : vaag xd
10:25 Art3mis7200 : ma kheb wel axes lvl 56 ofzo
10:25 C2gl        : ahhh xd
10:25 C2gl        : WTF ?!
10:26 Art3mis7200 : 69
10:26 C2gl        : nice
10:26 Art3mis7200 : ja ik oneclick skeletons enzo
10:26 C2gl        : anyways
10:30 transferreSP: efficiency VI
10:30 Art3mis7200 : op shovel?.
10:30 transferreSP: het gaat dus wel hoger dan vanilla met die leveltools
10:30 transferreSP: yup
10:35 Art3mis7200 : kunt ge fire aspect o p een axe zette?
10:35 transferreSP: uh
10:35 transferreSP: ik denk het niet
10:35 Art3mis7200 : zund
10:35 Art3mis7200 : wtf
10:35 transferreSP: das op lvl 40
10:48 transferreSP: shit
10:48 Art3mis7200 : goe bezig
10:49 transferreSP: kadeautje?
10:50 Art3mis7200 : kdenk da da van u is
10:50 Art3mis7200 : want ik stond hier toeen gy stierf
10:50 transferreSP: ah da kan xD
11:34 TomosChlausorius: elo
11:53 TomosChlausorius: jow
11:53 Art3mis7200     : jooo
12:01 TomosChlausorius: pas morgen
12:08 Art3mis7200     : heeft er iemand toevallig pumpkin seeds?
12:12 Art3mis7200     : lol
12:12 Art3mis7200     : ge kunt pompoene veinmine
12:24 TomosChlausorius: ben straks terug
12:26 Art3mis7200 placed suspicious WATER_BUCKET @ world: x598, z1613
12:27 Art3mis7200 placed suspicious WATER_BUCKET @ world: x589, z1614
12:27 Art3mis7200 placed suspicious WATER_BUCKET @ world: x581, z1616
12:39 TomosChlausorius: jow
12:40 Art3mis7200 placed suspicious WATER_BUCKET @ world: x603, z1611
12:40 Art3mis7200 placed suspicious WATER_BUCKET @ world: x606, z1616
12:40 Art3mis7200 placed suspicious WATER_BUCKET @ world: x599, z1617
12:41 Art3mis7200 placed suspicious WATER_BUCKET @ world: x606, z1616
12:47 TomosChlausorius: en lukt het daar
12:47 Art3mis7200     : jot
12:48 TomosChlausorius: wat zijt ge aan het doen?
12:48 Art3mis7200     : wool farm aant bouwe
12:48 TomosChlausorius: nice
12:53 Art3mis7200 placed suspicious WATER_BUCKET @ world: x607, z1611
12:54 Art3mis7200 placed suspicious WATER_BUCKET @ world: x599, z1611
12:55 Art3mis7200 placed suspicious WATER_BUCKET @ world: x579, z1611
12:57 Art3mis7200 placed suspicious WATER_BUCKET @ world: x590, z1616
13:04 Art3mis7200 placed suspicious WATER_BUCKET @ world: x573, z1621
13:07 Art3mis7200 placed suspicious WATER_BUCKET @ world: x594, z1621
13:08 Art3mis7200 placed suspicious WATER_BUCKET @ world: x607, z1611
13:13 Art3mis7200 placed suspicious WATER_BUCKET @ world: x607, z1611
13:15 Art3mis7200 placed suspicious WATER_BUCKET @ world: x574, z1616
13:15 Art3mis7200 placed suspicious WATER_BUCKET @ world: x607, z1615
13:18 Art3mis7200 placed suspicious WATER_BUCKET @ world: x607, z1611
13:18 Art3mis7200 placed suspicious WATER_BUCKET @ world: x607, z1607
13:19 Art3mis7200 placed suspicious WATER_BUCKET @ world: x596, z1606
13:19 Art3mis7200 placed suspicious WATER_BUCKET @ world: x584, z1606
13:20 Art3mis7200 placed suspicious WATER_BUCKET @ world: x580, z1606
13:20 Art3mis7200 placed suspicious WATER_BUCKET @ world: x574, z1617
13:21 Art3mis7200 placed suspicious WATER_BUCKET @ world: x607, z1609
13:21 Art3mis7200 placed suspicious WATER_BUCKET @ world: x607, z1609
13:22 Art3mis7200 placed suspicious WATER_BUCKET @ world: x574, z1617
13:25 Art3mis7200 placed suspicious WATER_BUCKET @ world: x665, z1635
13:32 Art3mis7200 placed suspicious WATER_BUCKET @ world: x607, z1617
13:34 Art3mis7200 placed suspicious WATER_BUCKET @ world: x574, z1612
13:34 Art3mis7200 placed suspicious WATER_BUCKET @ world: x604, z1616
13:41 TomosChlausorius: jow
13:41 C2gl            : hey xd
13:51 C2gl            : wb
13:51 JGamesSP        : JAAAA
13:51 JGamesSP        : /whisper C2gl kom vc 
13:51 JGamesSP        : /r me no want be alon 
13:52 TomosChlausorius: jow
13:52 JGamesSP        : elooo
13:54 TomosChlausorius: vraagje heeft iemand wat iron dat ik mag gebruiken?
13:59 TomosChlausorius: Iemand?
13:59 JGamesSP        : wa?
13:59 TomosChlausorius: hebt gij iron dat ik kan gebruiken?
13:59 JGamesSP        : yes
14:00 TomosChlausorius: danke
14:04 TomosChlausorius: jow
14:04 C2gl            : wb
14:07 TomosChlausorius placed suspicious WATER_BUCKET @ world: x1208, z-779
14:09 JGamesSP        : ah
14:09 C2gl            : hey xd
14:09 JGamesSP        : eloo
14:09 JGamesSP        : jus gonna
14:12 C2gl            : noiceeeeeeeeeeeeeee
14:12 JGamesSP        : noice
14:14 Art3mis7200 placed suspicious WATER_BUCKET @ world: x606, z1616
14:14 Art3mis7200 placed suspicious WATER_BUCKET @ world: x606, z1617
14:14 Art3mis7200 placed suspicious WATER_BUCKET @ world: x602, z1611
14:16 C2gl            : okay xd, trims zijn cool xd
14:18 JGamesSP        : zeer nuttig XD
14:18 TomosChlausorius: haha
14:31 Art3mis7200     : wete we al een jungle zijn?ù
14:33 TomosChlausorius placed suspicious LAVA_BUCKET @ world: x1198, z-755
14:33 TomosChlausorius: welkom
14:33 Art3mis7200     : dit is een jungle
14:34 Art3mis7200     : ik heb letterlijk 1 cocoa bean nodig
14:34 TomosChlausorius: correct
14:34 TomosChlausorius: wacht
14:34 TomosChlausorius: hier
14:34 Art3mis7200     : thx
14:35 Art3mis7200     : juupù
14:35 TomosChlausorius: wie?
14:35 TomosChlausorius: ah
14:35 TomosChlausorius: lol
14:35 Art3mis7200     : ik
14:37 Art3mis7200 placed suspicious WATER_BUCKET @ world: x608, z1614
14:38 Art3mis7200 placed suspicious WATER_BUCKET @ world: x608, z1617
14:39 Art3mis7200 placed suspicious WATER_BUCKET @ world: x608, z1615
14:46 Art3mis7200 placed suspicious WATER_BUCKET @ world: x582, z1616
14:49 Art3mis7200 placed suspicious WATER_BUCKET @ world: x579, z1617
14:49 Art3mis7200 placed suspicious WATER_BUCKET @ world: x578, z1616
14:49 Art3mis7200 placed suspicious WATER_BUCKET @ world: x578, z1616
20:01 TomosChlausorius: jow
20:01 transferreSP    : yo
22:35 transferreSP    : TY
22:35 transferreSP    : ja beetje op achtergrond
22:35 transferreSP    : AAAAAAAAAAAAAAAAAAAAAAAAAAAAAAAHH
22:36 transferreSP    : WB
22:36 C2gl            : spreek voor jezelf xd
22:36 transferreSP    : OH NEEE
22:37 transferreSP    : fuck breincellen
22:37 transferreSP    : als een zeester zonder kan ik ook
22:37 C2gl            : ben er toch nooit niet veel me geweest xd
22:37 C2gl            : brain is overrated xd
22:37 transferreSP    : ai denkt wel voor mij
22:42 transferreSP    : wb
22:42 C2gl            : thx xd, mijn winfows said no xd
22:42 transferreSP    : uf
22:42 transferreSP    : oef
22:42 C2gl            : tis niet voor niks dat ik er een nieuwwe heb besteld xd
22:45 transferreSP    : lol
22:46 transferreSP    : gaat ge op u nieuwe windows doen ook of?
