14:09 JGamesSP  : JAAA
14:09 JGamesSP  : gekidnapped
14:10 JGamesSP  : thehe
14:22 JGamesSP  : my hole is finished yes
14:22 JGamesSP  : nu benk aan decorere dak die villagers erin kan ramme
14:23 JGamesSP  : ja ik ben ma aant teste op een 8ste ze
14:40 JGamesSP  : ghello
14:40 theChichi77: Hi !
14:49 JGamesSP   : wb
15:19 theChichi77: Thx
15:19 theChichi77: Il faut que je sorte de la grotte maintenant ^^'
15:22 theChichi77: Ah merci je ne savais pas qu'il y avait une commande ^^
15:22 JGamesSP   : yeo
15:22 C2gl       : heyyyy xd
15:50 theChichi77: re
16:24 JGamesSP   : wb
16:25 theChichi77: Thx
16:39 JGamesSP   : babye
17:18 JGamesSP   : EYAA
17:18 transferreSP: EYOOOO
17:18 JGamesSP    : koms kijke
17:19 transferreSP: i like i think
17:19 JGamesSP    : wa kank doen om da beter te make
17:19 transferreSP: als ge da zo vanbovenaf bekijkt ziet het er wel smooth uit me de grass blocks
17:19 transferreSP: beter te maken euh
17:19 transferreSP: mss wa relief/diepte fzo is reedlijk plat
17:19 JGamesSP    : ja exact
17:20 JGamesSP    : da dacht ik ook
17:20 JGamesSP    : ma ik weet ni hoe
17:20 JGamesSP    : aah
17:20 transferreSP: idk
17:21 transferreSP: iets rij da uitsteekt zwa
17:21 transferreSP: waarvoor gaat de put dienen
17:21 JGamesSP    : ja dees hier bovenste ronde is voor libraian villagers
17:21 JGamesSP    : en benede andere voor emeralds, farmers en flethcers enz
17:21 transferreSP: ah yes
17:22 transferreSP: nice nice
18:59 transferreSP: wb
18:59 JGamesSP    : EYAAA
20:35 JGamesSP    : AAAAH
20:36 JGamesSP    : put aan het decorteren
20:37 JGamesSP    : jkaaa
20:46 JGamesSP    :  placed a sign @ world: x1088, z1434
  d
20:47 JGamesSP    :  placed a sign @ world: x1087, z1440
  SD
21:10 transferreSP placed suspicious WATER_BUCKET @ world: x303, z714
21:11 transferreSP placed suspicious WATER_BUCKET @ world: x305, z713
21:12 transferreSP placed suspicious WATER_BUCKET @ world: x305, z713
21:13 transferreSP placed suspicious WATER_BUCKET @ world: x308, z711
21:15 transferreSP placed suspicious WATER_BUCKET @ world: x316, z712
21:19 transferreSP placed suspicious WATER_BUCKET @ world: x316, z713
21:42 transferreSP: wb
21:42 C2gl        : thx thx xd
21:55 C2gl        : dude xd, hoe groot ben je van plan dit te maken xd?
21:55 transferreSP: bwah
21:55 transferreSP: cv groot eh
21:55 C2gl        : uhu xd, blijkbaar xd
21:56 transferreSP: das om te compenseren eh
21:56 C2gl        : hahahah
22:01 transferreSP: anyway ik ben weg o/
22:01 C2gl        : gn xs
