10:25 C2gl      : wb
10:26 transferreSP: ty
10:26 C2gl        : ik probeer de ender draak te killen xd
10:26 transferreSP: ah nice
10:26 transferreSP: dan kunne we shulkers n shit verzamele
10:28 transferreSP: is de nether weer gereset?
10:28 transferreSP: of is xp farm gwn kapoet
10:31 transferreSP: eyy
10:32 C2gl        : elytrasssss!!!!!
10:32 transferreSP: niice
10:33 transferreSP: o/
10:34 transferreSP: da zou wel nice zijn op zich
10:34 transferreSP: uhm
10:35 transferreSP: wrm heb ik nog maar 1 home xD
10:35 C2gl        : ah xd
10:35 C2gl        : oh dan is er iets ferm miss gelopen xd, ik dacht dat ik iets had missgedaan en mijn tweede slecht had opgeslagen xd , dus niet, er is iets niet gemerged geweest xd
10:35 C2gl        : ik zal het straks handmatig effe fixen xd
10:36 C2gl        : tp maar naar me
10:36 transferreSP: bwah maakt op zich ni uit alle homes stonden toch redelijk dicht in spawn bij elkaar
10:36 transferreSP: nice
10:36 C2gl        : ah btwn we hebben nu custom generation voor end, nether en world
10:36 transferreSP: custom generation?
10:36 transferreSP: is da in overworld voor als we echt ver van spawn gaan dan of?
10:37 transferreSP: want dan ga ik is op wereldreis
10:37 transferreSP: holy shit ja nu ge het zegt
10:37 transferreSP: dit end eiland is raar
10:38 transferreSP: shit
10:38 transferreSP: vergete home te zetten in mn huis
10:38 transferreSP: lange weg trug
10:39 transferreSP: ah nee ge spawnt gwn bij u bed blijkbaar
10:39 C2gl        : yes xd
10:39 transferreSP: all is well dan
10:39 C2gl        : ma ik zal vanacht de old tps terug van backup importen xd
10:39 C2gl        : noieceeee
10:40 C2gl        : oh my xd, dit gaat nice zijn om te exploen xd
10:40 C2gl        : end upgrade like it should have been xd
10:40 transferreSP: fuck yeah
10:40 C2gl        : mùijn broken pc vind dit wel niet leuk xd
10:41 transferreSP: lol
10:41 C2gl        : de volle 11 fps xd
10:41 C2gl        : loook at that gen xd
10:42 transferreSP: gwn hoogte
10:42 transferreSP: tbf waarom heeft minecraft alles op hetzelfde niveau gegenerate in de end
10:42 C2gl        : no clue xd, en standaard is dat echt niet meer leuk xd
10:43 transferreSP: byee
10:53 transferreSP: netherite axe?
10:53 transferreSP: ah ja lumberjack lvl X
10:53 transferreSP: ik durf te zweren da ik da nog ni gehaald had ma ik doe ni klagen
10:53 transferreSP: oh daar is ie ja
12:43 transferreSP: yessir
12:59 transferreSP: guilloem heeft da vanochtend erges gedaan denk ik
13:44 transferreSP: ja sucky sucky kerel
13:44 transferreSP: litematica met een hoog dak
13:44 transferreSP: dodelijk
22:21 C2gl      : damn it xd, je hebt deze al gedaan ferre xd
