11:36 JGamesSP  : voor zo ver toe wel
11:36 JGamesSP  : kwas net boeke aant make en die enchants is bezien
11:39 JGamesSP  : yes
11:39 JGamesSP  : ah yes
11:42 JGamesSP  : het werkt
11:42 JGamesSP  : projectile prot 5
11:46 JGamesSP  : waarom doet mijn anvil toch altijd poef izjn
11:46 JGamesSP  : ma dan kan ik geen boekjes op dinge plkajje he
11:46 JGamesSP  : en dan gaan de enchants eraf
11:47 JGamesSP  : dus tijd voor meer villager inbreeding
12:51 JGamesSP  :  placed a sign @ world: x1083, z1443
  respiration 6
12:51 JGamesSP  :  placed a sign @ world: x1087, z1446
  feeding module
12:51 JGamesSP  :  placed a sign @ world: x1089, z1449
  sharpness 9
12:51 JGamesSP  :  placed a sign @ world: x1091, z1452
  vampiric bite 3
12:51 JGamesSP  :  placed a sign @ world: x1092, z1455
  multishot
12:52 JGamesSP  :  placed a sign @ world: x1093, z1457
  silk touch
12:52 JGamesSP  :  placed a sign @ world: x1093, z1468
  flame
12:52 JGamesSP  :  placed a sign @ world: x1092, z1471
  experience boost
12:57 JGamesSP  :  placed a sign @ world: x1080, z1441
  infinity
12:57 JGamesSP  :  placed a sign @ world: x1077, z1440
  channeling
12:57 JGamesSP  :  placed a sign @ world: x1059, z1441
  prosperous 4
12:57 JGamesSP  :  placed a sign @ world: x1056, z1443
  thermal plating
  s
12:58 JGamesSP  :  placed a sign @ world: x1053, z1446
  block reach 4
13:09 transferreSP: ty ty
13:17 JGamesSP    :  placed a sign @ world: x1061, z1440
  traveler 5
13:22 transferreSP: PSST
13:22 transferreSP: /whisper JGamesSP hey 
13:22 transferreSP: nvm
13:38 JGamesSP    :  placed a sign @ world: x1064, z1439
  looting 6
