09:48 JGamesSP  : aaah, nu wel fatsoelijke textu pack
09:48 JGamesSP  : onmgeveer toch
10:12 JGamesSP  : ello
10:18 JGamesSP  : er ghets gud he meine freunde
10:19 JGamesSP  : en wa bezig
10:20 JGamesSP  : jesus das ook zeker lang genieg
10:20 JGamesSP  : en hoe wast
10:20 JGamesSP  : noice
10:21 JGamesSP  : das goed he
10:21 JGamesSP  : heheh
10:21 JGamesSP  : ja meneer das fucked he
10:22 JGamesSP  : gedaan me sporte for you
10:26 JGamesSP  : wa da
10:26 JGamesSP  : LOL
10:28 JGamesSP  : vele pelzier
11:42 JGamesSP  : jaaa
11:42 JGamesSP  : en jhpoewasd desdanwleign
11:42 JGamesSP  : ja exact da
11:43 JGamesSP  : da moest dus zijn
11:43 JGamesSP  : en hoe was de wandeling
11:44 JGamesSP  : nat?
11:44 JGamesSP  : ah hier is het gwn droog
11:50 JGamesSP  : ja zeg ma
11:50 JGamesSP  : binne een half uur?
11:52 JGamesSP  : ja maakt mij ni uit ze kies ma
11:53 JGamesSP  : als er zelfs meer dan toch zeker 3 man op speelt XD
12:10 JGamesSP  : ik haat dit spel
12:11 JGamesSP  : de dev die het heeft bed ht om random lava pockets te steke in netherrack
12:11 JGamesSP  : als ik die vind
12:12 JGamesSP  : fkn hoere ding
12:12 JGamesSP  : ik had gwn noice
12:13 JGamesSP  : en ja lava is fkn broken kerel
12:13 JGamesSP  : NERF D E LAVA
12:13 JGamesSP  : SAD
12:13 JGamesSP  : huh
12:13 JGamesSP  : ja ik had NERF DE LAVE
12:13 JGamesSP  : in full caps getypt, ma da sta in chat in kleine letters
12:40 JGamesSP placed suspicious WATER_BUCKET @ world: x1086, z1330
12:40 JGamesSP placed suspicious WATER_BUCKET @ world: x1086, z1330
17:40 JGamesSP  : I SWEAR TO FUCKING GOD
17:40 JGamesSP  : SKETELETN
17:40 JGamesSP  : I SWEAT TO FCKING GOD
17:41 JGamesSP  : JA MA KEREL ALMIJN FKN DIAMOND EN TOOLD WEERAL NAAR DE HOEREN HE
17:43 JGamesSP  : en natuurlijk
17:43 JGamesSP  : de enige ore da nog wel blijft leve
18:35 C2gl      : hey xd
18:35 JGamesSP  : elloooo
18:36 C2gl      : /msg JGamesSP is het okay als ik de server effe 5 min sluit om te restarten, om een laatste backup te maken voor de reset 
18:40 C2gl      : /r JGamesSP vriend, hoe snel join je xd 
18:41 C2gl      : /msg JGamesSP vriend, hoe snel join je xd 
18:41 JGamesSP  : heheh
18:46 C2gl      : wat ? xd
18:46 JGamesSP  : wa error ist
18:47 C2gl      : ma wa is da toch
18:50 C2gl      : ahhh ik weet waarom xd, dat is door de hibernate plugin @ferre
18:56 C2gl      : probeer gwn nog te rejoinen
18:56 C2gl      : en anders mc effe restarten
18:56 C2gl      : the heck
18:59 C2gl      : zeker dat je firewall goed staan ? xd
19:00 C2gl      : restart je computer is ?
19:00 C2gl      : dit maakt geen sense xd
19:00 JGamesSP  : ja ma da hadk daarstreaks ook
19:00 JGamesSP  : en plots werkte da wel fz
19:03 C2gl      : /msg JGamesSP had je net niet een kind spawnen ? 
19:05 C2gl      : what in the acual
19:07 C2gl      : gimme a sec
19:07 C2gl      : might have something for ya
19:07 C2gl      : 147.185.221.194:39966
19:07 C2gl      : try this
19:08 C2gl      : both without and with port
19:08 JGamesSP  : aah
19:08 C2gl      : aahaaa
19:08 transferreSP: there we goooo
19:08 C2gl        : voor een of andere reden is je mc niet blij met de dns domain xd
19:09 transferreSP: (kunt gij ook mijn inv cleare)
19:09 transferreSP: GRACIAS
19:09 C2gl        : you are welcom
19:13 JGamesSP    : IK HEB KINDERE
19:13 C2gl        : proficiat xd
19:14 C2gl        : wie is de ma xd
19:14 transferreSP: aDMSAKFJOAEZSFSDQFDQS
19:14 transferreSP: NOPE
19:14 C2gl        : HEY DAMN IT
19:14 transferreSP: hey
19:29 C2gl        : moet je emerald hebben ?
19:29 JGamesSP    : ja
19:29 C2gl        : tpa maar
19:49 JGamesSP    : hniuer is ie treut
19:49 transferreSP: yoah zeekr
19:49 transferreSP: deze keer sonder sodium
19:49 transferreSP: want fuck chemie
20:03 JGamesSP    : does een gokje ;)_
20:18 JGamesSP    : nee veinminder werkte ni meer
20:55 JGamesSP    : SINDS waneeer ZIJN ZWAMP SKELTONS EEN DING
20:56 JGamesSP    : dinge doen poisen
20:59 JGamesSP    : das waar
