12:25 transferreSP: ty
12:26 transferreSP: wb
12:26 JGamesSP    : thank yjsa
12:41 JGamesSP    : gotem
12:50 JGamesSP    : aaah
12:50 JGamesSP    : dan zal da testraks zijn geweest toen server closed
13:12 transferreSP: heya
13:12 C2gl        : greetings xd
13:12 JGamesSP    : eylooo
13:31 C2gl      : mincraft:/give @p netherite_pickaxe{display:{Name:'[{"text":"Holy pickaxe","italic":false}]'},Enchantments:[{id:efficiency,lvl:10},{id:fortune,lvl:5},{id:mending,lvl:1},{id:unbreaking,lvl:5}]} 1give @p netherite_pickaxe{display:{Name:'[{"text":"Holy pickax
13:32 C2gl      : anyways
14:44 transferreSP: hey
14:46 C2gl        : lhkjd
14:47 JGamesSP placed suspicious WATER_BUCKET @ world: x715, z1360
14:47 JGamesSP placed suspicious WATER_BUCKET @ world: x718, z1357
15:06 C2gl        : brb
15:11 transferreSP: WB
15:16 JGamesSP placed suspicious WATER_BUCKET @ world: x724, z1359
15:20 JGamesSP placed suspicious WATER_BUCKET @ world: x722, z1359
16:00 JGamesSP  : /whisper transferreSP kunt gij nog veinmine? 
17:12 transferreSP: wb
17:18 transferreSP: WEBA
17:18 C2gl        : wb mate xs
18:01 C2gl      : wb
18:10 C2gl      : gggggg
18:12 C2gl      : wb
18:12 transferreSP: ty
19:04 transferreSP: creepers blazen nog steeds op in claims
23:00 C2gl      : hey xd
23:00 C2gl      : hede gezien hoever de dichtste mansion is xd?
