07:59 JGamesSP  : is dit te vroeg? wrs, ben ik tege deze avond weer fucking insane? zeer zeker
11:55 transferreSP: jezes ok levels bestaan
11:55 transferreSP: mss toch tijd om te investeren in armor lol
12:28 C2gl      : hey xd
12:28 transferreSP: heya
12:29 C2gl        : damn , inneens is iedereen er xd
12:29 JGamesSP    : eyoaa
12:29 JGamesSP    : kom vc
12:29 C2gl        : again , ik kan dan enkel luisteren xd
12:29 JGamesSP    : nou
12:30 C2gl        : greetings xd
12:30 C2gl        : yes
12:32 C2gl        : als je nu ver van spawn gaat, ga je het mss wel nodig hebben xd
12:32 C2gl        : iemand bones nodig ?
12:32 C2gl        : wie is naast spawn ?
12:32 C2gl        : ahh xd
12:32 C2gl        : noice xxd
12:36 C2gl        : oh?
12:40 C2gl        : xd idd
12:43 C2gl        : is de xp farm nog altijd broken ?
12:43 C2gl        : nether geregend
12:43 C2gl        : te zondag nacht is die normaal gaan auto regennen
12:44 C2gl        : om de maand
12:44 C2gl        : ik heb het verlengd xd
12:46 transferreSP placed suspicious WATER_BUCKET @ world: x508, z790
12:46 transferreSP placed suspicious WATER_BUCKET @ world: x494, z776
12:46 transferreSP placed suspicious WATER_BUCKET @ world: x508, z763
12:47 transferreSP placed suspicious WATER_BUCKET @ world: x521, z777
12:47 C2gl        : hhahaha, dan moet je gaan smapen xd
12:47 C2gl        : ah fair xd
12:48 C2gl        : iemand iets met bones?
12:48 C2gl        : yes
12:48 C2gl        : neee, ik heb er xd,
12:48 C2gl        : als jullie er nodig hebben xd
12:48 C2gl        : ik heb hier 7 stacks xd
12:50 C2gl        : moet het echt xd
12:51 C2gl        : hahaha, ferre ? heb je ervaring
12:51 transferreSP: nope nog ni
12:51 C2gl        : ken je mensen die dat well hebben xd?
12:51 transferreSP: ik denk eig van ni
12:52 transferreSP: megge zou de eerste zijn
12:52 C2gl        : :rofl:
12:52 C2gl        : ferre xxdn heb je enig dezign idee hoe ik in mijn dak een raam kan zetten ?
12:53 transferreSP: uhm
12:53 transferreSP: in minecraft toch eh
12:53 C2gl        : yes xd
12:53 transferreSP: goh
12:53 C2gl        : yeah xd
12:54 transferreSP: weet ge
12:54 transferreSP: doe eerst de rest xD
12:54 C2gl        : uhu?
12:54 C2gl        : hahahahaha
12:54 C2gl        : aight xd
12:57 C2gl        : wrm da ? xd
12:59 C2gl        : ik ook xd
13:01 C2gl        : wat was het onderwerp ?dz
13:02 C2gl        : neeeee, ik ben muted xd
13:02 C2gl        : oef xd
13:02 C2gl        : i hear the pain xd
13:03 C2gl        : 1.21.4
13:03 C2gl        : kom erbij xd
13:04 C2gl        : /msg transferreSP nodigen we tom mee op de serv xd? 
13:05 Art3mis7200 placed suspicious WATER_BUCKET @ world: x631, z1644
13:05 C2gl        : /r ? 
13:05 transferreSP: /r idk 
13:05 C2gl        : /r zou iemand er iets tegen hebben xd? 
13:06 transferreSP: /r ik denk ni direct 
13:12 C2gl        : wb
13:24 JGamesSP    : :)
13:53 Art3mis7200 placed suspicious WATER_BUCKET @ world: x624, z1644
13:53 Art3mis7200 placed suspicious WATER_BUCKET @ world: x624, z1644
13:54 JGamesSP    : GIELOME
13:54 C2gl        : yes?
13:54 JGamesSP    : da moest in caps, want da was blij
13:54 JGamesSP    : ma da macheerd ni
13:55 C2gl        : hahahaha
13:55 C2gl        : nope, blijkbaar nu met paper is dat geblocked als "spam"
13:56 JGamesSP    : scam
13:56 JGamesSP    : ik wil span
13:56 JGamesSP    : spam,
13:58 Art3mis7200 placed suspicious WATER_BUCKET @ world: x627, z1645
13:58 Art3mis7200 placed suspicious WATER_BUCKET @ world: x634, z1635
13:59 Art3mis7200 placed suspicious WATER_BUCKET @ world: x630, z1634
13:59 Art3mis7200 placed suspicious WATER_BUCKET @ world: x630, z1641
14:00 C2gl        : i need help xd, i fuecked up xd
14:00 transferreSP: OH NO
14:00 C2gl        : lvl 90
14:01 C2gl        : thx
14:02 C2gl        : dank jullie xd
14:02 C2gl        : yes dat veb ik xd
14:02 C2gl        : i wanted to change the defaults ....
14:02 C2gl        : and i messed up xd
14:03 C2gl        : moet je er meer xd
14:03 C2gl        : ik heb er 90 in mijn inv xd
14:03 Art3mis7200 placed suspicious WATER_BUCKET @ world: x627, z1645
14:03 C2gl        : awel xdn eerste server event xd
14:04 Art3mis7200 placed suspicious WATER_BUCKET @ world: x621, z1637
14:06 C2gl        : damn ,breezes zijn fucked om te fighten xd
14:06 C2gl        : wil je ze ontmoeten xd
14:07 C2gl        : yes
14:07 C2gl        : kun je wind charges mee maken
14:07 C2gl        : ja de maec kan cheated zijn xd
14:08 Art3mis7200 placed suspicious WATER_BUCKET @ world: x627, z1645
14:08 C2gl        : normaal kun je met die charges heel ver springen, ma ik weet nie hoe
14:08 Art3mis7200 placed suspicious WATER_BUCKET @ world: x634, z1641
14:08 Art3mis7200 placed suspicious WATER_BUCKET @ world: x634, z1635
14:08 Art3mis7200 placed suspicious WATER_BUCKET @ world: x630, z1630
14:09 Art3mis7200 placed suspicious WATER_BUCKET @ world: x635, z1640
14:09 Art3mis7200 placed suspicious WATER_BUCKET @ world: x635, z1636
14:09 Art3mis7200 placed suspicious WATER_BUCKET @ world: x634, z1635
14:09 Art3mis7200 placed suspicious WATER_BUCKET @ world: x630, z1634
14:10 C2gl        : ahh yes
14:10 C2gl        : noice xd
14:10 C2gl        : fancy fanceu
14:11 Art3mis7200 placed suspicious WATER_BUCKET @ world: x627, z1645
14:12 C2gl        : 900 xd
14:12 Art3mis7200 placed suspicious WATER_BUCKET @ world: x627, z1631
14:12 Art3mis7200 placed suspicious WATER_BUCKET @ world: x627, z1645
14:12 C2gl        : hoe zie je wat ik heb xd?
14:13 C2gl        : nee , ik heb het minste van ons vier gespeeld
14:13 Art3mis7200 placed suspicious WATER_BUCKET @ world: x627, z1633
14:13 C2gl        : ./ar leadeerboard
14:13 Art3mis7200 placed suspicious WATER_BUCKET @ world: x628, z1617
14:14 C2gl        : amai nether is nu pittig isch xd
14:14 Art3mis7200 placed suspicious WATER_BUCKET @ world: x627, z1645
14:14 C2gl        : dit is leuk xd
14:14 Art3mis7200 placed suspicious WATER_BUCKET @ world: x627, z1645
14:14 Art3mis7200 placed suspicious WATER_BUCKET @ world: x627, z1645
14:14 C2gl        : nee xd, ik zit op latop , het kan al amper 30 fps xd
14:15 C2gl        : ik heb een nieuwe pc besteld xd, ma ik heb hum nog niet xd
14:15 C2gl        : I7 14700KF , RTX4070 64DdR5
14:16 JGamesSP    : DDDD
14:16 JGamesSP    : DDDDDDD
14:16 JGamesSP    : DDDDDD
14:16 C2gl        : jahaa
14:16 JGamesSP    : DDDDD
14:16 C2gl        : dus 4 is max xd
14:16 JGamesSP    : G U I L O E M
14:17 C2gl        : omg xd
14:17 C2gl        : ma tom xd, niemand houd je tegen om te joinen xd
14:17 C2gl        : damn , da kwam ook op tijd aan xd
14:18 C2gl        : F xd
14:18 C2gl        : omg xd
14:19 Art3mis7200 placed suspicious WATER_BUCKET @ world: x627, z1648
14:19 C2gl        : nope xd
14:19 C2gl        : enkel hostiles xd
14:19 C2gl        : en booten xd
14:19 C2gl        : yes
14:19 C2gl        : en het werkt bij mij
14:20 C2gl        : hier is een lvl 9 boot xd
14:20 C2gl        : nee bij mij ook niet ma spring
14:20 C2gl        : .4
14:20 C2gl        : ga in het water xd
14:20 Art3mis7200 placed suspicious WATER_BUCKET @ world: x632, z1640
14:20 C2gl        : normaal zoem je belachelijk xd
14:20 C2gl        : sad xd
14:21 C2gl        : nope
14:22 C2gl        : jawel
14:22 C2gl        : ma mijn vader is in een meeting xd
14:22 C2gl        : dus ik kan niet praten xd
14:22 C2gl        : kamer ernaast xd
14:22 C2gl        : yes xd
14:23 C2gl        : hij heeft er al over geklaagd xd
14:24 C2gl        : moest je nog cobble hebben xd?
14:25 C2gl        : @ferre?
14:25 transferreSP: ah nee
14:25 C2gl        : aight xd
14:26 C2gl        : welk ip?
14:27 C2gl        : probeer eerst die martin dns link
14:27 transferreSP: die @ferre pingt mij ook echt in discord @C2gl
14:27 transferreSP: das wel funny
14:27 C2gl        : dat is omdat je de port ook moet heben
14:27 transferreSP: @everyone
14:27 C2gl        : ik host op mijn server meedere dingen xd, dus ik heb meerdere ports nodig
14:27 C2gl        : er is een dynmap als je nodig hebt xd
14:28 C2gl        : https://dynmap.guilatrien.com
14:29 C2gl        : op spawn kun je niks xd
14:29 C2gl        : je moet wat verder wandelen xd
14:29 C2gl        : hhahahaha
14:30 C2gl        : en de ender draak neemt 5 levels elke keer dat we hum vermoorden xd
14:30 C2gl        : yups xd
14:31 C2gl        : een lvl 200 zombie heeft 400HP en wandelt sneller als dat wij lopen xd
14:31 C2gl        : en te verder je van spawn gaat te hoger het level xd
14:31 C2gl        : idd
14:31 C2gl        : de lvl 200 zombie was een stack aan flesh en 10 iron xd
14:32 C2gl        : (basically, de drops die je zou hebben als je 200 zombies zou killen xd)
14:32 C2gl        : moet je wa rods hebben xd
14:32 C2gl        : ik heb er nog van mijn ongeluk xd
14:33 C2gl        : ik heb eig zin om mensen te gaan trollen en 2 lvl 100 sombies te spawnen achter hun xd
14:33 C2gl        : ah en tom, er zijn claims $
14:33 C2gl        : zie dat je claimt om geen creeper damage te hebben bij je thuis xd
14:33 C2gl        : pijn wel
14:33 C2gl        : shade neit
14:33 C2gl        : ahhh omdat jij explosions aan hebt staan in je claim
14:33 C2gl        : zet die uit xd
14:33 C2gl        : odd xd
14:33 C2gl        : want in mijn claim werkt het xd
14:34 C2gl        : okay hier is het geclaimd
14:35 C2gl        : vriend , waar heb je het over xd
14:35 C2gl        : nee echt het werkt gwn
14:35 C2gl        : jij tript xd
14:36 C2gl        : graag gedaan
14:36 C2gl        : creepers zijn nu wel echt een pain om te killen xd
14:36 C2gl        : er zijn een paar plugins xd
14:37 C2gl        : dat is sinds vanacht 2h
14:37 C2gl        : 2Am
14:37 C2gl        : noiceee
14:38 C2gl        : :))
14:39 C2gl        : ik wil eig ook netherite xd
14:39 C2gl        : ik ga ook effe nether xd
14:40 C2gl        : welk level zit netherite ?
14:45 C2gl        : open anders gwn dynmap op tweede scherm xd
14:46 C2gl        : die zijn er nog
14:46 C2gl        : hoe zeldzaam is netherite xd
14:47 C2gl        : damn xd
14:48 C2gl        : noiceeee
14:48 C2gl        : golden shovel
14:48 C2gl        : ./claim list
14:48 C2gl        : dan zie je hoeveel je kunt claimen
14:50 C2gl        : nope, veinmine verhoogt de ancient debris drop niet
14:50 C2gl        : en mcmmo super breaker ook niet
14:51 C2gl        : nope xd,
14:51 C2gl        : dat staat uit
14:51 C2gl        : idk xd, ik heb het gwn niet aan gezet
14:51 C2gl        : jups, ma netherite staat appart
14:51 C2gl        : ja dubbel drop voor alle ored BUT netherite xd
14:51 C2gl        : wtf ?
14:51 C2gl        : doet de config niets ?
14:53 C2gl        : iemand een totem of undying xd?
14:53 C2gl        : mandion xd
14:53 C2gl        : nooder van de map xd
14:54 C2gl        : nope
14:56 C2gl        : dood dood
14:56 C2gl        : ma vanaf vip+ kun je /keepinv doen
14:56 C2gl        : yesss
14:56 C2gl        : yups
14:58 C2gl        : hoe maak je netherite met de scraps xd?
14:58 C2gl        : jes, dan heb je scraps, en dan ?
14:58 C2gl        : eyyy xd, ik heb een ingot xd
14:58 C2gl        : oef x
14:59 C2gl        : yes
15:00 C2gl        : yes
15:01 C2gl        : da is niet te doen xd
15:01 C2gl        : nog nooit zo snel back getypt xd
15:04 C2gl        : pfff, deze bastion suckt xd
15:05 C2gl        : nope
15:07 C2gl        : ggggg
15:07 C2gl        : howww xd
15:07 C2gl        : ma gij hebt dan een patern dx?
15:08 C2gl        : wat is de kans dat ik die mag dupen?
15:09 C2gl        : thx
15:09 C2gl        : yesss
15:10 C2gl        : thx ^^
15:10 C2gl        : voila
15:10 C2gl        : mansion xd
15:12 C2gl        : neee
15:12 C2gl        : enkel chestplate
15:13 C2gl        : ahhh en telt het als ik de andere onderdelen al aan heb gehad toen ik de commands fixte?
15:13 C2gl        : odd
15:13 C2gl        : tijd om verder te minen:/
15:14 C2gl        : je gaat wat ?
15:14 C2gl        : euhh
15:14 C2gl        : ben je nog je scherm aan het delen ?
15:14 C2gl        : ik kijk nu naar je stream
15:14 C2gl        : die effe /ar check
15:15 C2gl        : je bent all lvl X
15:15 C2gl        : x is gwn finaal xd
15:15 C2gl        : niet tien xd
15:15 C2gl        : ik wist nie hoe het noemen xd
15:15 C2gl        : HOE HEB JE DAT AL
15:15 C2gl        : een ultimate axe
15:15 C2gl        : netherite met broken enchants
15:15 C2gl        : :/
15:16 C2gl        : met veinmien gaat dat snel
15:16 C2gl        : kijk de jarne xd
15:16 C2gl        : de voorige die je al hebt gedaan tellen mee
15:16 C2gl        : dus het is maar het verschill
15:16 C2gl        : yes
15:17 C2gl        : twee ancient samen xd
15:18 C2gl        : fuck
15:19 C2gl        : wtf, de piglin heeft mijn netherite armor aan gedaan :/
15:21 C2gl        : fuck this xd
15:21 C2gl        : die lvl 50 piglings zijn hatelijk
15:21 C2gl        : ik haat de 2AM gui
15:21 C2gl        : wrm dacht hij dat dat een goed idee was
15:21 C2gl        : wwie verzint het
15:22 C2gl        : mezelf en mijn stoeme ideeen
15:22 TomosChlausorius placed suspicious WATER_BUCKET @ world: x770, z-481
15:23 TomosChlausorius placed suspicious WATER_BUCKET @ world: x772, z-481
15:24 TomosChlausorius placed suspicious WATER_BUCKET @ world: x772, z-483
15:26 C2gl        : is het okay als ik de server een minuut restart
15:26 C2gl        : i k heb leveling tools toegevoegd xd
15:26 C2gl        : gelijk mobs
15:26 C2gl        : te meer je je tool gebruikt, te krachtiger
15:27 C2gl        : watte jarne?
15:27 C2gl        : idd, ma dan wijzigen we het naar maten dat het nodig is xd
15:27 C2gl        : nope, dat is dan vanaf nu xd
15:28 C2gl        : iedereen er mee eens?
15:32 C2gl      : sorry?
15:32 C2gl      : ik luisterde niet xd
15:32 C2gl      : fuck, i heb die command niet gefixed xd
15:32 C2gl      : gimme a sec , ik geef het je handmatig xd
15:36 C2gl      : here you go mate xd
15:36 C2gl      : en fucking joy xd
15:38 C2gl      : en jij had ook een vraag ferre ? wa was het ?
15:39 C2gl      : ik zal is zien xd
15:39 C2gl      : yes
15:39 C2gl      : yes
15:39 C2gl      : max level is 100
15:40 C2gl      : en je kunt items mergen xd
15:40 C2gl      : dan is het de som van de level xd
15:43 C2gl      : kunnen we deze nacht effe niet skippen?
15:43 C2gl      : ah xd
15:44 C2gl      : damnnn xd
15:44 C2gl      : das 100 xd
15:44 C2gl      : hehe
15:45 C2gl      : soms doet de 2AM gui goede keuzes xd
15:45 C2gl      : soms xxd
15:45 C2gl      : yes?
15:46 C2gl      : ./abandonallclaims
15:46 C2gl      : yw
15:48 C2gl      : mcmmo + leveling tools + de custom tools die ik gaf gaat echt broken zijn xd
15:48 C2gl      : omg xd, idd
15:51 C2gl      : aight xd
15:52 C2gl      : anyways , ik ben ook weg xd
15:58 TomosChlausorius placed suspicious WATER_BUCKET @ world: x1174, z-786
15:58 TomosChlausorius placed suspicious WATER_BUCKET @ world: x1174, z-789
15:58 TomosChlausorius placed suspicious WATER_BUCKET @ world: x1174, z-788
15:58 TomosChlausorius placed suspicious WATER_BUCKET @ world: x1173, z-789
15:58 TomosChlausorius placed suspicious WATER_BUCKET @ world: x1172, z-791
15:58 TomosChlausorius placed suspicious WATER_BUCKET @ world: x1173, z-794
15:58 TomosChlausorius placed suspicious WATER_BUCKET @ world: x1173, z-793
15:58 TomosChlausorius placed suspicious WATER_BUCKET @ world: x1174, z-794
15:58 TomosChlausorius placed suspicious WATER_BUCKET @ world: x1169, z-798
15:58 TomosChlausorius placed suspicious WATER_BUCKET @ world: x1168, z-798
15:58 TomosChlausorius placed suspicious WATER_BUCKET @ world: x1170, z-799
15:58 TomosChlausorius placed suspicious WATER_BUCKET @ world: x1166, z-798
15:58 TomosChlausorius placed suspicious WATER_BUCKET @ world: x1165, z-799
15:58 TomosChlausorius placed suspicious WATER_BUCKET @ world: x1166, z-798
15:58 TomosChlausorius placed suspicious WATER_BUCKET @ world: x1165, z-798
15:58 TomosChlausorius placed suspicious WATER_BUCKET @ world: x1177, z-796
15:59 TomosChlausorius placed suspicious WATER_BUCKET @ world: x1175, z-779
15:59 TomosChlausorius placed suspicious WATER_BUCKET @ world: x1179, z-784
15:59 TomosChlausorius placed suspicious WATER_BUCKET @ world: x1180, z-783
15:59 TomosChlausorius placed suspicious WATER_BUCKET @ world: x1181, z-782
16:00 TomosChlausorius placed suspicious WATER_BUCKET @ world: x1180, z-774
16:00 TomosChlausorius placed suspicious WATER_BUCKET @ world: x1182, z-777
16:10 TomosChlausorius placed suspicious WATER_BUCKET @ world: x1173, z-800
16:45 Art3mis7200 placed suspicious WATER_BUCKET @ world: x643, z1615
17:03 TomosChlausorius placed suspicious WATER_BUCKET @ world: x1186, z-774
17:04 TomosChlausorius placed suspicious WATER_BUCKET @ world: x1189, z-800
17:04 TomosChlausorius placed suspicious WATER_BUCKET @ world: x1192, z-774
17:04 TomosChlausorius placed suspicious WATER_BUCKET @ world: x1193, z-792
17:04 TomosChlausorius placed suspicious WATER_BUCKET @ world: x1194, z-787
19:01 JGamesSP  : nop
19:02 JGamesSP  : iets dak had
20:16 transferreSP: wb
20:17 TomosChlausorius: jox
20:17 TomosChlausorius: w*
20:20 TomosChlausorius: kan iemand zo slapen?
20:21 TomosChlausorius: danke
20:25 TomosChlausorius: maat grind anders effe
20:26 transferreSP    : ja kijk ik probeer een shovel level 50 te krijgen
20:26 TomosChlausorius: haha
20:29 transferreSP    : science
20:35 TomosChlausorius: maat
20:36 TomosChlausorius: weet gij ergens waar ik dark wood kan vinden?
20:36 transferreSP    : tp
20:37 TomosChlausorius: naar u?
20:37 transferreSP    : jup
20:37 TomosChlausorius: danke
20:37 TomosChlausorius: kan ik meerdere tp's zetten?
20:38 transferreSP    : ik denk het wel
20:42 TomosChlausorius: good
20:43 TomosChlausorius: dan heb ik da al denk ik
20:43 TomosChlausorius: toch 3 uur
20:44 TomosChlausorius: 75%
20:45 TomosChlausorius: moet alles level 1 zijn?
20:47 transferreSP    : ik heb fortune op mijn shovel
20:47 transferreSP    : yes nuttig much
20:47 transferreSP    : nee 24
20:50 transferreSP    : lol nee
20:50 transferreSP    : als ik straks nog zand kan zien is er iets mis
20:50 transferreSP    : jup gwn aant testen
20:50 transferreSP    : ver genoeg weg da niemand klaagt over het ruined terrain
20:51 TomosChlausorius: goed bezig Ferre
20:51 transferreSP    : wb
20:51 C2gl            : thx xd
20:52 transferreSP    : SHIT
20:52 C2gl            : whatsup?
20:52 transferreSP    : IK WAS NI AANT OPLETTEN
20:52 transferreSP    : MIJN level 29 shovel kapot
20:52 C2gl            : :/
20:52 C2gl            : painnnnn xd
20:52 transferreSP    : DAAR ZIT EEN hALVE WOESTIJN IN
20:52 transferreSP    : ik haat da dit spel mijn caps lock weghaalt
20:52 C2gl            : was er iets van enchante op?
20:52 transferreSP    : uh fortune 3 eff V unbreaking 3 mending
20:53 transferreSP    : welp daar ga ik nu nimmer opnieuw mee beginne
20:53 transferreSP    : das voor n andre keer
20:53 C2gl            : diamond ?
20:53 transferreSP    : jup
20:55 C2gl            : tp na hier ferre
20:55 C2gl            : let er dees keer mee op xd
20:56 transferreSP    : <3
20:57 TomosChlausorius: nu nog spruce vinden
21:04 TomosChlausorius: iemand slapen?
21:04 TomosChlausorius: thanks
21:04 transferreSP    : np
21:04 C2gl            : wtf xd
21:04 transferreSP    : GOTTA DIG
21:04 C2gl            : 2300?!
21:05 transferreSP    : is like 1000 mining
21:05 transferreSP    : da telle we ni
21:05 transferreSP    : excavation ook ni
21:08 C2gl            : ugh xd, een eiland wegminen neemt tijd xd,
21:08 transferreSP    : lol
21:08 transferreSP    : feit
21:08 C2gl            : ik ga effe beacon halen xd
21:09 TomosChlausorius: oke
21:09 transferreSP    : ik kan u haste potions maken
21:09 C2gl            : iemand anders die sterren nodig heeft xd?
21:09 transferreSP    : nether stars?
21:09 C2gl            : yes
21:09 transferreSP    : gij hebt het geduld om meerdere wither skeleton skulls te verzamelen?
21:09 C2gl            : slapen ga ik toch niet doen xd
21:09 transferreSP    : crazy
21:11 C2gl            : ma dus xd, eentje nodig xd?
21:11 transferreSP    : sure xD
21:11 TomosChlausorius: hzo gaat ge nie slapen doet ge daar nie aan ofwa
21:11 C2gl            : nope xd
21:12 TomosChlausorius: Ferre is bij u ergens spruce
21:12 transferreSP    : ni super dichtbij
21:12 TomosChlausorius: ja ik heb geen idee waar ben maar wat aan het rondvaren
21:13 transferreSP    : kijk dynmap
21:13 TomosChlausorius: hoe ziet da uit
21:13 transferreSP    : https://dynmap.guilatrien.com/?worldname=world&mapname=flat&zoom=0&x=-908&y=64&z=-840
21:13 transferreSP    : kunt ge daarop klikken
21:13 transferreSP    : nee
21:13 TomosChlausorius: nope
21:13 C2gl            : https://dynmap.guilatrien.com
21:13 C2gl            : dees normaal wel
21:13 transferreSP    : staat in howtojoin
21:14 C2gl            : oh damn it xd, server eddit die voor security reasons xd
21:14 TomosChlausorius: kan ik naar spawn tp
21:14 transferreSP    : das een warp
21:14 C2gl            : yes
21:14 C2gl            : ./warp spawn
21:21 C2gl            : wb
21:21 TomosChlausorius: jow
21:21 JGamesSP        : ELOO
21:27 C2gl            : damn xd, die droppen echt nooit xd
21:28 TomosChlausorius: heeft er iemand veel klei die ik mag hebben?
21:28 JGamesSP        : WA DROKT NO
21:28 JGamesSP        : caps
21:28 JGamesSP        : wa dropt ni
21:28 C2gl            : nether skulls
21:28 C2gl            : wither*
21:28 JGamesSP        : aah
21:28 JGamesSP        : ja nee da dropt ni nee
21:29 TomosChlausorius: heeft er iemand veel klei die ik mag hebben?
21:31 transferreSP    : nope geen klei
21:31 TomosChlausorius: np
21:32 JGamesSP        : /whisper transferreSP 
21:33 JGamesSP        : /whisper transferreSP ik heb net van 27 diamonds en stack en 21 gekrege XD 
21:33 transferreSP    : /r lol 
21:33 transferreSP    : /r fair en balance 
21:33 transferreSP    : /r ik heb een fortune 3 shovel 
21:33 JGamesSP        : /r wrm 
21:33 transferreSP    : /r goeie redenen 
21:33 transferreSP    : /r die ik nog niet gevonden heb 
21:34 JGamesSP        : nboicxe
21:34 JGamesSP        : zit u papa nu nog jin een medting
21:34 C2gl            : fing finally een eerste xd
21:35 C2gl            : nope xd
21:35 C2gl            : nu nog 5 te gaan xd
21:35 C2gl            : /msg transferreSP btw, da is echt broken xd 
21:35 transferreSP    : /r wat is broken 
21:36 JGamesSP        : /r wa 
21:36 transferreSP    : /msg C2gl wat is broken 
21:36 C2gl            : /whisper 27 diamonds xd 
21:36 C2gl            : /whisper transferreSP 27 diamonds xd 
21:36 transferreSP    : /r ah lol 
21:36 transferreSP    : /r fair en balanced 
21:36 C2gl            : /r uhu, so it seems xd 
21:37 transferreSP    : /r triple drops van super breaker en mining maakt da 81, en dan kunt ge die 81 nog minen met fortune 
21:37 transferreSP    : /r lowkey een stack en 21 is nog best weinig 
21:37 C2gl            : /r ik kreeg een melding dat je cheat xd 
21:39 JGamesSP        : www.pornhub.com
21:39 C2gl            : voila xd
21:39 C2gl            : da gaat niemeer xd
21:39 transferreSP    : ....
21:39 transferreSP    : [item]
21:39 transferreSP    : [i]
21:39 transferreSP    : ;(
21:44 TomosChlausorius: juw
21:53 TomosChlausorius: is er ergens een farm dat ik mobs kan killen?
21:55 TomosChlausorius: haha
21:57 JGamesSP        : ellooo
21:57 TomosChlausorius: jow
21:58 C2gl            : ey xd
21:58 C2gl            : een paat hoeveel?
21:58 TomosChlausorius: heeft iemand iets tegen dat ik geen damage krijg van die guardians
21:58 JGamesSP        : bezig
21:58 TomosChlausorius: ow good
22:00 C2gl            : okay, heeft het een belang welk ingot je gebruikt in de beacon ?
22:00 JGamesSP        : geenm
22:00 TomosChlausorius: nope
22:00 C2gl            : wtf xd
22:00 C2gl            : wie zou er dan effe netherite in tiefen ipv iron xd
22:02 TomosChlausorius: thanks jules
22:03 TomosChlausorius: nog close dat ik bijna dood ga
22:09 C2gl            : werlkt de xp farm al terug ?
22:10 TomosChlausorius: yes
22:10 C2gl            : ah yes xd, neemt gwn een sec om te starten xd
22:10 TomosChlausorius: alleen heb geen armor voor mij te beschermen dus kan die nie gebruiken
22:10 TomosChlausorius: moet nog 320 mobs killen voor member
