10:54 C2gl placed suspicious WATER_BUCKET @ world: x-721, z-701
10:54 C2gl placed suspicious WATER_BUCKET @ world: x-725, z-697
12:15 JGamesSP  : ELOOO
12:15 transferreSP: aaaaaaaaaaaaaaaaaaah
12:15 transferreSP: 1200 nice
12:15 transferreSP: ello
12:17 JGamesSP    : en wa bezi
12:17 transferreSP: beetje rondvaren
12:17 transferreSP: direct huis
12:53 transferreSP: jules
12:53 transferreSP: hebt gij wortel
13:09 transferreSP: wb
13:16 Art3mis7200 : guillaume
13:16 Art3mis7200 : kan het zijn da de ar tracker vo farming ni werkt
13:17 Art3mis7200 : wheat wel ma pattate en carotte ni
16:13 TomosChlausorius: jow
16:13 transferreSP    : heyy
16:14 TomosChlausorius: hebt gij enchantment table?
16:14 transferreSP    : nee
16:14 transferreSP    : ik gebruik die bij warp xp voor nu
16:14 TomosChlausorius: danke
16:17 transferreSP    : nice
16:17 TomosChlausorius: jup
16:18 TomosChlausorius: kerel armor gaat wel snel kapot van xp farm
16:18 transferreSP    : idd
16:18 transferreSP    : ook al veel helmets aan kwijtgeraakt
19:50 transferreSP placed suspicious WATER_BUCKET @ world: x336, z687
19:50 transferreSP placed suspicious WATER_BUCKET @ world: x334, z693
19:51 transferreSP placed suspicious WATER_BUCKET @ world: x333, z694
19:51 transferreSP placed suspicious WATER_BUCKET @ world: x332, z685
19:51 transferreSP placed suspicious WATER_BUCKET @ world: x332, z685
19:53 transferreSP placed suspicious WATER_BUCKET @ world: x330, z695
19:53 transferreSP placed suspicious WATER_BUCKET @ world: x330, z695
19:53 transferreSP placed suspicious WATER_BUCKET @ world: x329, z685
19:58 transferreSP placed suspicious WATER_BUCKET @ world: x342, z714
19:58 transferreSP placed suspicious WATER_BUCKET @ world: x340, z712
