14:19 transferreSP: wb
14:19 transferreSP: weklom in mijn putµ
14:19 C2gl        : thx xd, ik kom effe om je niew huis zijn 3d render te doen
14:20 C2gl        : noice xd, leuke put xd
14:20 C2gl        : wat is daar het doel van xd?
14:20 transferreSP: niet vermoord worden terwlij ik programmeer
14:20 C2gl        : ahhh xd
14:20 transferreSP: dr is wel niet veel te renderen eh
14:20 transferreSP: is nog maar half af
14:20 C2gl        : oh ? wat zit je te deven xd?
14:21 transferreSP: slam met 360 camera
14:21 transferreSP: eig niet echt te devven
14:21 C2gl        : ik ben blij xd, ik heb vandaag mijn fluvius teller gemod om het live verbruik in mijn domotica te kunnen steken xd
14:21 transferreSP: eerder te sufferen met reconciling different library versions
14:21 C2gl        : wat is slam?
14:21 transferreSP: uhm zo da als ge me een camera erges doorwandeld da da een kaart maakt en u lokatie bepaald
14:22 C2gl        : ohhh gelijk google streetvieuw xd?
14:22 transferreSP: nee wacht
14:22 transferreSP: alhoewel eig wel
14:23 C2gl        : hahahahaha :rofl:
14:23 transferreSP: xD
14:23 transferreSP: best wel exact zoals google streetview ook xD
14:23 C2gl        : ik was al blij met mijn ESP32 om de P1 poort te lezen xd
14:23 transferreSP: gwn cheaper enm inder cameras
14:23 C2gl        : omg xd , noice xd
14:23 C2gl        : en wat wil je er mee mappen?.
14:23 transferreSP: no clue
14:23 C2gl        : ah xd, het is een taak?
14:24 transferreSP: ja
14:24 C2gl        : ah xd
14:24 transferreSP: daarmee
14:24 C2gl        : pain xd
14:24 transferreSP: als ge de finished version van mijn huis wilt renderen kan ik da ook wel laten zien
14:24 C2gl        : wat bedoel je ?
14:24 C2gl        : je hebt je huis al ergens af xd?
14:25 transferreSP: ja eerst singleplayer creative gemaakt xD
14:25 C2gl        : btw, ben je iets met een wereld op deze server als admin met een WE ?
14:25 transferreSP: allee zonder interieur wel
14:25 C2gl        : ohhh graag eig xd
14:25 transferreSP: k wacht
14:25 C2gl        : het ziet er sick uit xd
